<?xml version="1.0" encoding="UTF-8"?>
<testsuite xmlns:xsi="http://www.w3.org/2001/XMLSchema-instance" xsi:noNamespaceSchemaLocation="https://maven.apache.org/surefire/maven-surefire-plugin/xsd/surefire-test-report-3.0.xsd" version="3.0" name="com.gorest.TestRunner" time="12.574" tests="2" errors="0" skipped="0" failures="0">
  <properties>
[...]
</properties>
  <testcase name="[1:9] List users" classname="com/gorest/users" time="5.494">
    <system-out><![CDATA[16:51:30.230 [main] DEBUG org.apache.http.client.protocol.RequestAddCookies - CookieSpec selected: karate
16:51:30.292 [main] DEBUG org.apache.http.client.protocol.RequestAuthCache - Auth cache not set in the context
16:51:30.308 [main] DEBUG com.intuit.karate - request:
1 > GET https://gorest.co.in/public/v2/users
1 > Authorization: Bearer 700d0c7a86eb84028bf5cd204b11587f812f9d7cd880dc4edbdbd1d407ae9954
1 > Accept: application/json
1 > Content-Type: application/json
1 > Host: gorest.co.in
1 > Connection: Keep-Alive
1 > User-Agent: Apache-HttpClient/4.5.14 (Java/17.0.9)
1 > Accept-Encoding: gzip,deflate


16:51:30.308 [main] DEBUG org.apache.http.impl.conn.PoolingHttpClientConnectionManager - Connection request: [route: {s}->https://gorest.co.in:443][total available: 0; route allocated: 0 of 5; total allocated: 0 of 10]
16:51:30.386 [main] DEBUG org.apache.http.impl.conn.PoolingHttpClientConnectionManager - Connection leased: [id: 0][route: {s}->https://gorest.co.in:443][total available: 0; route allocated: 1 of 5; total allocated: 1 of 10]
16:51:30.386 [main] DEBUG org.apache.http.impl.execchain.MainClientExec - Opening connection {s}->https://gorest.co.in:443
16:51:30.527 [main] DEBUG org.apache.http.impl.conn.DefaultHttpClientConnectionOperator - Connecting to gorest.co.in/172.67.157.231:443
16:51:30.527 [main] DEBUG org.apache.http.conn.ssl.SSLConnectionSocketFactory - Connecting socket to gorest.co.in/172.67.157.231:443 with timeout 30000
16:51:30.652 [main] DEBUG org.apache.http.conn.ssl.SSLConnectionSocketFactory - Enabled protocols: [TLSv1.3, TLSv1.2]
16:51:30.652 [main] DEBUG org.apache.http.conn.ssl.SSLConnectionSocketFactory - Enabled cipher suites:[TLS_AES_256_GCM_SHA384, TLS_AES_128_GCM_SHA256, TLS_CHACHA20_POLY1305_SHA256, TLS_ECDHE_ECDSA_WITH_AES_256_GCM_SHA384, TLS_ECDHE_ECDSA_WITH_AES_128_GCM_SHA256, TLS_ECDHE_ECDSA_WITH_CHACHA20_POLY1305_SHA256, TLS_ECDHE_RSA_WITH_AES_256_GCM_SHA384, TLS_ECDHE_RSA_WITH_CHACHA20_POLY1305_SHA256, TLS_ECDHE_RSA_WITH_AES_128_GCM_SHA256, TLS_DHE_RSA_WITH_AES_256_GCM_SHA384, TLS_DHE_RSA_WITH_CHACHA20_POLY1305_SHA256, TLS_DHE_DSS_WITH_AES_256_GCM_SHA384, TLS_DHE_RSA_WITH_AES_128_GCM_SHA256, TLS_DHE_DSS_WITH_AES_128_GCM_SHA256, TLS_ECDHE_ECDSA_WITH_AES_256_CBC_SHA384, TLS_ECDHE_RSA_WITH_AES_256_CBC_SHA384, TLS_ECDHE_ECDSA_WITH_AES_128_CBC_SHA256, TLS_ECDHE_RSA_WITH_AES_128_CBC_SHA256, TLS_DHE_RSA_WITH_AES_256_CBC_SHA256, TLS_DHE_DSS_WITH_AES_256_CBC_SHA256, TLS_DHE_RSA_WITH_AES_128_CBC_SHA256, TLS_DHE_DSS_WITH_AES_128_CBC_SHA256, TLS_ECDH_ECDSA_WITH_AES_256_GCM_SHA384, TLS_ECDH_RSA_WITH_AES_256_GCM_SHA384, TLS_ECDH_ECDSA_WITH_AES_128_GCM_SHA256, TLS_ECDH_RSA_WITH_AES_128_GCM_SHA256, TLS_ECDH_ECDSA_WITH_AES_256_CBC_SHA384, TLS_ECDH_RSA_WITH_AES_256_CBC_SHA384, TLS_ECDH_ECDSA_WITH_AES_128_CBC_SHA256, TLS_ECDH_RSA_WITH_AES_128_CBC_SHA256, TLS_ECDHE_ECDSA_WITH_AES_256_CBC_SHA, TLS_ECDHE_RSA_WITH_AES_256_CBC_SHA, TLS_ECDHE_ECDSA_WITH_AES_128_CBC_SHA, TLS_ECDHE_RSA_WITH_AES_128_CBC_SHA, TLS_DHE_RSA_WITH_AES_256_CBC_SHA, TLS_DHE_DSS_WITH_AES_256_CBC_SHA, TLS_DHE_RSA_WITH_AES_128_CBC_SHA, TLS_DHE_DSS_WITH_AES_128_CBC_SHA, TLS_ECDH_ECDSA_WITH_AES_256_CBC_SHA, TLS_ECDH_RSA_WITH_AES_256_CBC_SHA, TLS_ECDH_ECDSA_WITH_AES_128_CBC_SHA, TLS_ECDH_RSA_WITH_AES_128_CBC_SHA, TLS_RSA_WITH_AES_256_GCM_SHA384, TLS_RSA_WITH_AES_128_GCM_SHA256, TLS_RSA_WITH_AES_256_CBC_SHA256, TLS_RSA_WITH_AES_128_CBC_SHA256, TLS_RSA_WITH_AES_256_CBC_SHA, TLS_RSA_WITH_AES_128_CBC_SHA, TLS_EMPTY_RENEGOTIATION_INFO_SCSV]
16:51:30.667 [main] DEBUG org.apache.http.conn.ssl.SSLConnectionSocketFactory - Starting handshake
16:51:31.086 [main] DEBUG org.apache.http.conn.ssl.SSLConnectionSocketFactory - Secure session established
16:51:31.086 [main] DEBUG org.apache.http.conn.ssl.SSLConnectionSocketFactory -  negotiated protocol: TLSv1.3
16:51:31.086 [main] DEBUG org.apache.http.conn.ssl.SSLConnectionSocketFactory -  negotiated cipher suite: TLS_AES_256_GCM_SHA384
16:51:31.086 [main] DEBUG org.apache.http.conn.ssl.SSLConnectionSocketFactory -  peer principal: CN=gorest.co.in
16:51:31.102 [main] DEBUG org.apache.http.conn.ssl.SSLConnectionSocketFactory -  peer alternative names: [gorest.co.in, *.gorest.co.in]
16:51:31.102 [main] DEBUG org.apache.http.conn.ssl.SSLConnectionSocketFactory -  issuer principal: CN=WE1, O=Google Trust Services, C=US
16:51:31.102 [main] DEBUG org.apache.http.impl.conn.DefaultHttpClientConnectionOperator - Connection established 192.168.0.14:56121<->172.67.157.231:443
16:51:31.102 [main] DEBUG org.apache.http.impl.conn.DefaultManagedHttpClientConnection - http-outgoing-0: set socket timeout to 30000
16:51:31.102 [main] DEBUG org.apache.http.impl.execchain.MainClientExec - Executing request GET /public/v2/users HTTP/1.1
16:51:31.102 [main] DEBUG org.apache.http.impl.execchain.MainClientExec - Proxy auth state: UNCHALLENGED
16:51:31.102 [main] DEBUG org.apache.http.headers - http-outgoing-0 >> GET /public/v2/users HTTP/1.1
16:51:31.102 [main] DEBUG org.apache.http.headers - http-outgoing-0 >> Authorization: Bearer 700d0c7a86eb84028bf5cd204b11587f812f9d7cd880dc4edbdbd1d407ae9954
16:51:31.102 [main] DEBUG org.apache.http.headers - http-outgoing-0 >> Accept: application/json
16:51:31.102 [main] DEBUG org.apache.http.headers - http-outgoing-0 >> Content-Type: application/json
16:51:31.102 [main] DEBUG org.apache.http.headers - http-outgoing-0 >> Host: gorest.co.in
16:51:31.117 [main] DEBUG org.apache.http.headers - http-outgoing-0 >> Connection: Keep-Alive
16:51:31.117 [main] DEBUG org.apache.http.headers - http-outgoing-0 >> User-Agent: Apache-HttpClient/4.5.14 (Java/17.0.9)
16:51:31.117 [main] DEBUG org.apache.http.headers - http-outgoing-0 >> Accept-Encoding: gzip,deflate
16:51:31.117 [main] DEBUG org.apache.http.wire - http-outgoing-0 >> "GET /public/v2/users HTTP/1.1[\r][\n]"
16:51:31.117 [main] DEBUG org.apache.http.wire - http-outgoing-0 >> "Authorization: Bearer 700d0c7a86eb84028bf5cd204b11587f812f9d7cd880dc4edbdbd1d407ae9954[\r][\n]"
16:51:31.117 [main] DEBUG org.apache.http.wire - http-outgoing-0 >> "Accept: application/json[\r][\n]"
16:51:31.117 [main] DEBUG org.apache.http.wire - http-outgoing-0 >> "Content-Type: application/json[\r][\n]"
16:51:31.117 [main] DEBUG org.apache.http.wire - http-outgoing-0 >> "Host: gorest.co.in[\r][\n]"
16:51:31.117 [main] DEBUG org.apache.http.wire - http-outgoing-0 >> "Connection: Keep-Alive[\r][\n]"
16:51:31.117 [main] DEBUG org.apache.http.wire - http-outgoing-0 >> "User-Agent: Apache-HttpClient/4.5.14 (Java/17.0.9)[\r][\n]"
16:51:31.117 [main] DEBUG org.apache.http.wire - http-outgoing-0 >> "Accept-Encoding: gzip,deflate[\r][\n]"
16:51:31.117 [main] DEBUG org.apache.http.wire - http-outgoing-0 >> "[\r][\n]"
16:51:31.633 [main] DEBUG org.apache.http.wire - http-outgoing-0 << "HTTP/1.1 200 OK[\r][\n]"
16:51:31.633 [main] DEBUG org.apache.http.wire - http-outgoing-0 << "Date: Wed, 01 Oct 2025 20:51:32 GMT[\r][\n]"
16:51:31.633 [main] DEBUG org.apache.http.wire - http-outgoing-0 << "Content-Type: application/json; charset=utf-8[\r][\n]"
16:51:31.633 [main] DEBUG org.apache.http.wire - http-outgoing-0 << "Transfer-Encoding: chunked[\r][\n]"
16:51:31.633 [main] DEBUG org.apache.http.wire - http-outgoing-0 << "Connection: keep-alive[\r][\n]"
16:51:31.633 [main] DEBUG org.apache.http.wire - http-outgoing-0 << "Cache-Control: max-age=0, private, must-revalidate[\r][\n]"
16:51:31.633 [main] DEBUG org.apache.http.wire - http-outgoing-0 << "etag: W/"30933984c9fba2773e7b5ee6f04a91a9"[\r][\n]"
16:51:31.633 [main] DEBUG org.apache.http.wire - http-outgoing-0 << "feature-policy: camera 'none'; gyroscope 'none'; microphone 'none'; usb 'none'; fullscreen 'self'[\r][\n]"
16:51:31.633 [main] DEBUG org.apache.http.wire - http-outgoing-0 << "referrer-policy: strict-origin-when-cross-origin[\r][\n]"
16:51:31.633 [main] DEBUG org.apache.http.wire - http-outgoing-0 << "vary: Origin[\r][\n]"
16:51:31.633 [main] DEBUG org.apache.http.wire - http-outgoing-0 << "x-content-type-options: nosniff[\r][\n]"
16:51:31.633 [main] DEBUG org.apache.http.wire - http-outgoing-0 << "x-download-options: noopen[\r][\n]"
16:51:31.633 [main] DEBUG org.apache.http.wire - http-outgoing-0 << "x-frame-options: SAMEORIGIN[\r][\n]"
16:51:31.633 [main] DEBUG org.apache.http.wire - http-outgoing-0 << "x-links-current: https://gorest.co.in/public/v2/users?page=1[\r][\n]"
16:51:31.633 [main] DEBUG org.apache.http.wire - http-outgoing-0 << "x-links-next: https://gorest.co.in/public/v2/users?page=2[\r][\n]"
16:51:31.633 [main] DEBUG org.apache.http.wire - http-outgoing-0 << "x-links-previous: [\r][\n]"
16:51:31.633 [main] DEBUG org.apache.http.wire - http-outgoing-0 << "x-pagination-limit: 10[\r][\n]"
16:51:31.633 [main] DEBUG org.apache.http.wire - http-outgoing-0 << "x-pagination-page: 1[\r][\n]"
16:51:31.633 [main] DEBUG org.apache.http.wire - http-outgoing-0 << "x-pagination-pages: 298[\r][\n]"
16:51:31.633 [main] DEBUG org.apache.http.wire - http-outgoing-0 << "x-pagination-total: 2973[\r][\n]"
16:51:31.633 [main] DEBUG org.apache.http.wire - http-outgoing-0 << "x-permitted-cross-domain-policies: none[\r][\n]"
16:51:31.633 [main] DEBUG org.apache.http.wire - http-outgoing-0 << "x-ratelimit-limit: 90[\r][\n]"
16:51:31.633 [main] DEBUG org.apache.http.wire - http-outgoing-0 << "x-ratelimit-remaining: 89[\r][\n]"
16:51:31.633 [main] DEBUG org.apache.http.wire - http-outgoing-0 << "x-ratelimit-reset: 1[\r][\n]"
16:51:31.633 [main] DEBUG org.apache.http.wire - http-outgoing-0 << "x-request-id: 96672d7f-a31c-413d-b752-bc035b8ce9a8[\r][\n]"
16:51:31.633 [main] DEBUG org.apache.http.wire - http-outgoing-0 << "x-runtime: 0.049931[\r][\n]"
16:51:31.633 [main] DEBUG org.apache.http.wire - http-outgoing-0 << "x-xss-protection: 0[\r][\n]"
16:51:31.633 [main] DEBUG org.apache.http.wire - http-outgoing-0 << "cf-cache-status: DYNAMIC[\r][\n]"
16:51:31.633 [main] DEBUG org.apache.http.wire - http-outgoing-0 << "Nel: {"report_to":"cf-nel","success_fraction":0.0,"max_age":604800}[\r][\n]"
16:51:31.633 [main] DEBUG org.apache.http.wire - http-outgoing-0 << "Report-To: {"group":"cf-nel","max_age":604800,"endpoints":[{"url":"https://a.nel.cloudflare.com/report/v4?s=ChXp5hjnJa41hSnCazW9w2j%2FlAc77ibpq2f2qvJxBrX3Y0LQVJUwks8Zni4HuUO9QSqRlpcskTjGb%2FAAzC9Z%2F0h68yiho1UzA6M%3D"}]}[\r][\n]"
16:51:31.633 [main] DEBUG org.apache.http.wire - http-outgoing-0 << "Content-Encoding: gzip[\r][\n]"
16:51:31.633 [main] DEBUG org.apache.http.wire - http-outgoing-0 << "Server: cloudflare[\r][\n]"
16:51:31.633 [main] DEBUG org.apache.http.wire - http-outgoing-0 << "CF-RAY: 987ed6ac38cb1ea4-EZE[\r][\n]"
16:51:31.633 [main] DEBUG org.apache.http.wire - http-outgoing-0 << "alt-svc: h3=":443"; ma=86400[\r][\n]"
16:51:31.633 [main] DEBUG org.apache.http.wire - http-outgoing-0 << "[\r]"
16:51:31.633 [main] DEBUG org.apache.http.wire - http-outgoing-0 << "[\n]"
16:51:31.633 [main] DEBUG org.apache.http.wire - http-outgoing-0 << "18a[\r][\n]"
16:51:31.633 [main] DEBUG org.apache.http.wire - http-outgoing-0 << "[0x1f][0x8b][0x8][0x0][0x0][0x0][0x0][0x0][0x0][0xff][0xa5][0xd4][0xcb][0xaa][0x14]1[0x10][0x6][0xe0]W9[0xf4]z[0x18][0x92][0xae]J[0xaa]rV[0xfa][0x6]"[0xee][0xc4]E[0xa5].[0xda][0xd8]=[0x1e]fF[0x11][0xc4]w7[0xa8]xY[0x9e][0xee][0xec][0xc2][0xf][0xe1]#uy[0xfb]mZlz[0xe4]\3[0x94]r[0x9a].[0xb2][0xf9][0xf4]8[0xbd][0xf1][0x8b][0xac][0xcb][0xc3]k[0xd9][0xe4][0xe3]u[0xb9]}[0xb8][0xc8]t[0x9a]|[0x93]e[0x1d][0xe1][0xfd]gx[0xbe][0xfe][\r][0xcf][0xa6][0xec]*P[0xdd]c[0xc6][0xe4][0xd1]CEz[0xca]aE[0x83][0x94]_[0xf8]W[0xd9][0x9e]V?[0xeb][0xa7]m[0xbc][0xf4][0xde]/[0xe6][0xd7][0xf1][0xd4]&[0xab][0x8f][0xfb][0xed].[0xf7][0xcf][0xb7]q[0x17][0xbd]/_|[0xfa]~[0xfa][0x97][0x85][0xbb]Y[0xad]v+[0x6][0x2][0xe1][0x9][0xc7][0xe9][0xdc][0x0]<[0xab][0x3][0x0][0x7][0xf4]#[0xac]DX/[0xd7]UnrY[0x1e]^[0xb9][0x99][0xfc][0x87][0x92][0xdf][0xd1][0xf9][0xe9]Wt[0x86][0x8e]h[0x94][0x8b]f[0x7][0xec]E[0xa5][0xea][0xcc][0x8d][0x1a][0x9]3[0x87][0xd3][0x11][0x12][0xd6][0xdd]?[0x15][0xd4]sDq[0x9f]{[0xc3]T[0xb8][0x3]i[0xe2][0xc0]!+[0xe2][0x14][0x87]Xy7[0xcb][0xc5]f[0xec]Y[0x94])[0xa1][0xa3][0xb5][0xe][0xa6][0xb3][0x15][0xb1],[0xa5]'9[0xc4]J[0xbb]YZ[0xa3]A[0xb2][0x92]f[0x9]d[0xa9][0xdc]F5K"[0x5][0xa8][0x85][0xf0][0x10][0xb]h[0x11]}[0x80][0x9a][0xaa][0x1b][0xc5]h[0xb2][0xd6][0xc7][0xc9]Y[0xa9]$1n[0xee][0x87][0xda]}[0xff]r[0x0]([0xa0]B[0xee]`[0x86][0xb9][0xe7]1[0x1][0xde][0x9a]x[0x90][0x93][0xb8][0xd7][0x3][0xac][0xb9][0xf1]nV[0x1a]5[0xac]e[0xec][0x2][0xac][\r]C+[0xd3][0x98]E[0xa5][0xdc][0x82]5W[0xe7]C[0xac][0xfd][0x93]([0x9]KJ[0xc2][0xd6][0x15][0xb1][0xda][0xcc] dan=[0x10][0xcb][0xac][0xcf]e[0xbd][0xfb][0x1]O[0x8e]z[0x1f][0xe3][0x5][0x0][0x0][\r][\n]"
16:51:31.633 [main] DEBUG org.apache.http.headers - http-outgoing-0 << HTTP/1.1 200 OK
16:51:31.633 [main] DEBUG org.apache.http.headers - http-outgoing-0 << Date: Wed, 01 Oct 2025 20:51:32 GMT
16:51:31.633 [main] DEBUG org.apache.http.headers - http-outgoing-0 << Content-Type: application/json; charset=utf-8
16:51:31.633 [main] DEBUG org.apache.http.headers - http-outgoing-0 << Transfer-Encoding: chunked
16:51:31.633 [main] DEBUG org.apache.http.headers - http-outgoing-0 << Connection: keep-alive
16:51:31.633 [main] DEBUG org.apache.http.headers - http-outgoing-0 << Cache-Control: max-age=0, private, must-revalidate
16:51:31.633 [main] DEBUG org.apache.http.headers - http-outgoing-0 << etag: W/"30933984c9fba2773e7b5ee6f04a91a9"
16:51:31.633 [main] DEBUG org.apache.http.headers - http-outgoing-0 << feature-policy: camera 'none'; gyroscope 'none'; microphone 'none'; usb 'none'; fullscreen 'self'
16:51:31.633 [main] DEBUG org.apache.http.headers - http-outgoing-0 << referrer-policy: strict-origin-when-cross-origin
16:51:31.633 [main] DEBUG org.apache.http.headers - http-outgoing-0 << vary: Origin
16:51:31.633 [main] DEBUG org.apache.http.headers - http-outgoing-0 << x-content-type-options: nosniff
16:51:31.633 [main] DEBUG org.apache.http.headers - http-outgoing-0 << x-download-options: noopen
16:51:31.633 [main] DEBUG org.apache.http.headers - http-outgoing-0 << x-frame-options: SAMEORIGIN
16:51:31.633 [main] DEBUG org.apache.http.headers - http-outgoing-0 << x-links-current: https://gorest.co.in/public/v2/users?page=1
16:51:31.633 [main] DEBUG org.apache.http.headers - http-outgoing-0 << x-links-next: https://gorest.co.in/public/v2/users?page=2
16:51:31.633 [main] DEBUG org.apache.http.headers - http-outgoing-0 << x-links-previous: 
16:51:31.633 [main] DEBUG org.apache.http.headers - http-outgoing-0 << x-pagination-limit: 10
16:51:31.633 [main] DEBUG org.apache.http.headers - http-outgoing-0 << x-pagination-page: 1
16:51:31.633 [main] DEBUG org.apache.http.headers - http-outgoing-0 << x-pagination-pages: 298
16:51:31.633 [main] DEBUG org.apache.http.headers - http-outgoing-0 << x-pagination-total: 2973
16:51:31.633 [main] DEBUG org.apache.http.headers - http-outgoing-0 << x-permitted-cross-domain-policies: none
16:51:31.633 [main] DEBUG org.apache.http.headers - http-outgoing-0 << x-ratelimit-limit: 90
16:51:31.633 [main] DEBUG org.apache.http.headers - http-outgoing-0 << x-ratelimit-remaining: 89
16:51:31.633 [main] DEBUG org.apache.http.headers - http-outgoing-0 << x-ratelimit-reset: 1
16:51:31.633 [main] DEBUG org.apache.http.headers - http-outgoing-0 << x-request-id: 96672d7f-a31c-413d-b752-bc035b8ce9a8
16:51:31.633 [main] DEBUG org.apache.http.headers - http-outgoing-0 << x-runtime: 0.049931
16:51:31.633 [main] DEBUG org.apache.http.headers - http-outgoing-0 << x-xss-protection: 0
16:51:31.633 [main] DEBUG org.apache.http.headers - http-outgoing-0 << cf-cache-status: DYNAMIC
16:51:31.633 [main] DEBUG org.apache.http.headers - http-outgoing-0 << Nel: {"report_to":"cf-nel","success_fraction":0.0,"max_age":604800}
16:51:31.633 [main] DEBUG org.apache.http.headers - http-outgoing-0 << Report-To: {"group":"cf-nel","max_age":604800,"endpoints":[{"url":"https://a.nel.cloudflare.com/report/v4?s=ChXp5hjnJa41hSnCazW9w2j%2FlAc77ibpq2f2qvJxBrX3Y0LQVJUwks8Zni4HuUO9QSqRlpcskTjGb%2FAAzC9Z%2F0h68yiho1UzA6M%3D"}]}
16:51:31.633 [main] DEBUG org.apache.http.headers - http-outgoing-0 << Content-Encoding: gzip
16:51:31.633 [main] DEBUG org.apache.http.headers - http-outgoing-0 << Server: cloudflare
16:51:31.633 [main] DEBUG org.apache.http.headers - http-outgoing-0 << CF-RAY: 987ed6ac38cb1ea4-EZE
16:51:31.633 [main] DEBUG org.apache.http.headers - http-outgoing-0 << alt-svc: h3=":443"; ma=86400
16:51:31.649 [main] DEBUG org.apache.http.impl.execchain.MainClientExec - Connection can be kept alive indefinitely
16:51:31.649 [main] DEBUG org.apache.http.impl.conn.DefaultManagedHttpClientConnection - http-outgoing-0: Close connection
16:51:31.665 [main] DEBUG org.apache.http.impl.execchain.MainClientExec - Connection discarded
16:51:31.665 [main] DEBUG org.apache.http.impl.conn.PoolingHttpClientConnectionManager - Connection released: [id: 0][route: {s}->https://gorest.co.in:443][total available: 0; route allocated: 0 of 5; total allocated: 0 of 10]
16:51:31.665 [main] DEBUG org.apache.http.impl.conn.PoolingHttpClientConnectionManager - Connection manager is shutting down
16:51:31.665 [main] DEBUG org.apache.http.impl.conn.PoolingHttpClientConnectionManager - Connection manager shut down
16:51:31.665 [main] DEBUG com.intuit.karate - response time in milliseconds: 1341
1 < 200
1 < Date: Wed, 01 Oct 2025 20:51:32 GMT
1 < Content-Type: application/json; charset=utf-8
1 < Transfer-Encoding: chunked
1 < Connection: keep-alive
1 < Cache-Control: max-age=0, private, must-revalidate
1 < etag: W/"30933984c9fba2773e7b5ee6f04a91a9"
1 < feature-policy: camera 'none'; gyroscope 'none'; microphone 'none'; usb 'none'; fullscreen 'self'
1 < referrer-policy: strict-origin-when-cross-origin
1 < vary: Origin
1 < x-content-type-options: nosniff
1 < x-download-options: noopen
1 < x-frame-options: SAMEORIGIN
1 < x-links-current: https://gorest.co.in/public/v2/users?page=1
1 < x-links-next: https://gorest.co.in/public/v2/users?page=2
1 < x-links-previous: 
1 < x-pagination-limit: 10
1 < x-pagination-page: 1
1 < x-pagination-pages: 298
1 < x-pagination-total: 2973
1 < x-permitted-cross-domain-policies: none
1 < x-ratelimit-limit: 90
1 < x-ratelimit-remaining: 89
1 < x-ratelimit-reset: 1
1 < x-request-id: 96672d7f-a31c-413d-b752-bc035b8ce9a8
1 < x-runtime: 0.049931
1 < x-xss-protection: 0
1 < cf-cache-status: DYNAMIC
1 < Nel: {"report_to":"cf-nel","success_fraction":0.0,"max_age":604800}
1 < Report-To: {"group":"cf-nel","max_age":604800,"endpoints":[{"url":"https://a.nel.cloudflare.com/report/v4?s=ChXp5hjnJa41hSnCazW9w2j%2FlAc77ibpq2f2qvJxBrX3Y0LQVJUwks8Zni4HuUO9QSqRlpcskTjGb%2FAAzC9Z%2F0h68yiho1UzA6M%3D"}]}
1 < Server: cloudflare
1 < CF-RAY: 987ed6ac38cb1ea4-EZE
1 < alt-svc: h3=":443"; ma=86400
[{"id":8161355,"name":"Tenali Ramakrishna","email":"tenali.ramakrishna.dc8eca36eef240efbfcaab01fd5cf7c8@example.com","gender":"male","status":"active"},{"id":8161354,"name":"Tenali Ramakrishna","email":"tenali.ramakrishna.96bd5d3a3fe04444b8933e1ce3338f3b@example.com","gender":"male","status":"active"},{"id":8161307,"name":"Allasani Peddana","email":"allasani.peddana.3b44d715c1e34b5ca6c289797a888fe7@example.com","gender":"male","status":"active"},{"id":8161346,"name":"Tenali Ramakrishna","email":"tenali.ramakrishna.f7b1ff5ee2b94058b37c08f49795ae7f@example.com","gender":"male","status":"active"},{"id":8161341,"name":"Tenali Ramakrishna","email":"tenali.ramakrishna.ead24b1ac8704e4d9b3dc2d5ad1a5b0a@example.com","gender":"male","status":"active"},{"id":8161340,"name":"Tenali Ramakrishna","email":"tenali.ramakrishna.c6f930d502af48a6891e3507c336574a@example.com","gender":"male","status":"active"},{"id":8161337,"name":"Tenali Ramakrishna","email":"tenali.ramakrishna.fe02a9cced7f4d79bbbb11c750ad89ee@example.com","gender":"male","status":"active"},{"id":8161305,"name":"Tenali Ramakrishna","email":"tenali.ramakrishna.3353ca7ee3dd41b1b44e99aef7e7aee6@example.com","gender":"male","status":"active"},{"id":8161298,"name":"Tenali Ramakrishna","email":"tenali.ramakrishna.0f9365ce34694fc687a6cc719f8c16e8@example.com","gender":"male","status":"active"},{"id":8161296,"name":"Tenali Ramakrishna","email":"tenali.ramakrishna.a04500a8dbc446d283a7dfdedbf4452c@example.com","gender":"male","status":"active"}]

16:51:32.102 [main] INFO com.intuit.karate - [print] Number of users: 10 
]]></system-out>
  </testcase>
  <testcase name="[2:17] Create user" classname="com/gorest/users" time="4.682">
    <system-out><![CDATA[16:51:32.290 [main] DEBUG com.jayway.jsonpath.internal.path.CompiledPath - Evaluating path: $
16:51:32.352 [main] DEBUG io.netty.util.internal.logging.InternalLoggerFactory - Using SLF4J as the default logging framework
16:51:32.368 [main] DEBUG io.netty.util.internal.PlatformDependent0 - -Dio.netty.noUnsafe: false
16:51:32.368 [main] DEBUG io.netty.util.internal.PlatformDependent0 - Java version: 17
16:51:32.368 [main] DEBUG io.netty.util.internal.PlatformDependent0 - sun.misc.Unsafe.theUnsafe: available
16:51:32.368 [main] DEBUG io.netty.util.internal.PlatformDependent0 - sun.misc.Unsafe.copyMemory: available
16:51:32.368 [main] DEBUG io.netty.util.internal.PlatformDependent0 - sun.misc.Unsafe.storeFence: available
16:51:32.368 [main] DEBUG io.netty.util.internal.PlatformDependent0 - java.nio.Buffer.address: available
16:51:32.368 [main] DEBUG io.netty.util.internal.PlatformDependent0 - direct buffer constructor: unavailable: Reflective setAccessible(true) disabled
16:51:32.368 [main] DEBUG io.netty.util.internal.PlatformDependent0 - java.nio.Bits.unaligned: available, true
16:51:32.383 [main] DEBUG io.netty.util.internal.PlatformDependent0 - jdk.internal.misc.Unsafe.allocateUninitializedArray(int): unavailable: class io.netty.util.internal.PlatformDependent0$7 cannot access class jdk.internal.misc.Unsafe (in module java.base) because module java.base does not export jdk.internal.misc to unnamed module @481a15ff
16:51:32.383 [main] DEBUG io.netty.util.internal.PlatformDependent0 - java.nio.DirectByteBuffer.<init>(long, int): unavailable
16:51:32.383 [main] DEBUG io.netty.util.internal.PlatformDependent - sun.misc.Unsafe: available
16:51:32.383 [main] DEBUG io.netty.util.internal.PlatformDependent - maxDirectMemory: 3076521984 bytes (maybe)
16:51:32.383 [main] DEBUG io.netty.util.internal.PlatformDependent - -Dio.netty.tmpdir: C:\Users\Denilson\AppData\Local\Temp (java.io.tmpdir)
16:51:32.383 [main] DEBUG io.netty.util.internal.PlatformDependent - -Dio.netty.bitMode: 64 (sun.arch.data.model)
16:51:32.383 [main] DEBUG io.netty.util.internal.PlatformDependent - Platform: Windows
16:51:32.383 [main] DEBUG io.netty.util.internal.PlatformDependent - -Dio.netty.maxDirectMemory: -1 bytes
16:51:32.383 [main] DEBUG io.netty.util.internal.PlatformDependent - -Dio.netty.uninitializedArrayAllocationThreshold: -1
16:51:32.383 [main] DEBUG io.netty.util.internal.CleanerJava9 - java.nio.ByteBuffer.cleaner(): available
16:51:32.383 [main] DEBUG io.netty.util.internal.PlatformDependent - -Dio.netty.noPreferDirect: false
16:51:32.399 [main] DEBUG org.apache.http.client.protocol.RequestAddCookies - CookieSpec selected: karate
16:51:32.399 [main] DEBUG org.apache.http.client.protocol.RequestAuthCache - Auth cache not set in the context
16:51:32.399 [main] DEBUG com.intuit.karate - request:
1 > POST https://gorest.co.in/public/v2/users
1 > Authorization: Bearer 700d0c7a86eb84028bf5cd204b11587f812f9d7cd880dc4edbdbd1d407ae9954
1 > Accept: application/json
1 > Content-Type: application/json; charset=UTF-8
1 > Content-Length: 137
1 > Host: gorest.co.in
1 > Connection: Keep-Alive
1 > User-Agent: Apache-HttpClient/4.5.14 (Java/17.0.9)
1 > Accept-Encoding: gzip,deflate
{"name":"Tenali Ramakrishna","gender":"male","email":"tenali.ramakrishna.d4d803a78ef24a2e855004e82797a4fc@example.com","status":"active"}

16:51:32.415 [main] DEBUG org.apache.http.impl.conn.PoolingHttpClientConnectionManager - Connection request: [route: {s}->https://gorest.co.in:443][total available: 0; route allocated: 0 of 5; total allocated: 0 of 10]
16:51:32.415 [main] DEBUG org.apache.http.impl.conn.PoolingHttpClientConnectionManager - Connection leased: [id: 1][route: {s}->https://gorest.co.in:443][total available: 0; route allocated: 1 of 5; total allocated: 1 of 10]
16:51:32.415 [main] DEBUG org.apache.http.impl.execchain.MainClientExec - Opening connection {s}->https://gorest.co.in:443
16:51:32.415 [main] DEBUG org.apache.http.impl.conn.DefaultHttpClientConnectionOperator - Connecting to gorest.co.in/172.67.157.231:443
16:51:32.415 [main] DEBUG org.apache.http.conn.ssl.SSLConnectionSocketFactory - Connecting socket to gorest.co.in/172.67.157.231:443 with timeout 30000
16:51:32.477 [main] DEBUG org.apache.http.conn.ssl.SSLConnectionSocketFactory - Enabled protocols: [TLSv1.3, TLSv1.2]
16:51:32.477 [main] DEBUG org.apache.http.conn.ssl.SSLConnectionSocketFactory - Enabled cipher suites:[TLS_AES_256_GCM_SHA384, TLS_AES_128_GCM_SHA256, TLS_CHACHA20_POLY1305_SHA256, TLS_ECDHE_ECDSA_WITH_AES_256_GCM_SHA384, TLS_ECDHE_ECDSA_WITH_AES_128_GCM_SHA256, TLS_ECDHE_ECDSA_WITH_CHACHA20_POLY1305_SHA256, TLS_ECDHE_RSA_WITH_AES_256_GCM_SHA384, TLS_ECDHE_RSA_WITH_CHACHA20_POLY1305_SHA256, TLS_ECDHE_RSA_WITH_AES_128_GCM_SHA256, TLS_DHE_RSA_WITH_AES_256_GCM_SHA384, TLS_DHE_RSA_WITH_CHACHA20_POLY1305_SHA256, TLS_DHE_DSS_WITH_AES_256_GCM_SHA384, TLS_DHE_RSA_WITH_AES_128_GCM_SHA256, TLS_DHE_DSS_WITH_AES_128_GCM_SHA256, TLS_ECDHE_ECDSA_WITH_AES_256_CBC_SHA384, TLS_ECDHE_RSA_WITH_AES_256_CBC_SHA384, TLS_ECDHE_ECDSA_WITH_AES_128_CBC_SHA256, TLS_ECDHE_RSA_WITH_AES_128_CBC_SHA256, TLS_DHE_RSA_WITH_AES_256_CBC_SHA256, TLS_DHE_DSS_WITH_AES_256_CBC_SHA256, TLS_DHE_RSA_WITH_AES_128_CBC_SHA256, TLS_DHE_DSS_WITH_AES_128_CBC_SHA256, TLS_ECDH_ECDSA_WITH_AES_256_GCM_SHA384, TLS_ECDH_RSA_WITH_AES_256_GCM_SHA384, TLS_ECDH_ECDSA_WITH_AES_128_GCM_SHA256, TLS_ECDH_RSA_WITH_AES_128_GCM_SHA256, TLS_ECDH_ECDSA_WITH_AES_256_CBC_SHA384, TLS_ECDH_RSA_WITH_AES_256_CBC_SHA384, TLS_ECDH_ECDSA_WITH_AES_128_CBC_SHA256, TLS_ECDH_RSA_WITH_AES_128_CBC_SHA256, TLS_ECDHE_ECDSA_WITH_AES_256_CBC_SHA, TLS_ECDHE_RSA_WITH_AES_256_CBC_SHA, TLS_ECDHE_ECDSA_WITH_AES_128_CBC_SHA, TLS_ECDHE_RSA_WITH_AES_128_CBC_SHA, TLS_DHE_RSA_WITH_AES_256_CBC_SHA, TLS_DHE_DSS_WITH_AES_256_CBC_SHA, TLS_DHE_RSA_WITH_AES_128_CBC_SHA, TLS_DHE_DSS_WITH_AES_128_CBC_SHA, TLS_ECDH_ECDSA_WITH_AES_256_CBC_SHA, TLS_ECDH_RSA_WITH_AES_256_CBC_SHA, TLS_ECDH_ECDSA_WITH_AES_128_CBC_SHA, TLS_ECDH_RSA_WITH_AES_128_CBC_SHA, TLS_RSA_WITH_AES_256_GCM_SHA384, TLS_RSA_WITH_AES_128_GCM_SHA256, TLS_RSA_WITH_AES_256_CBC_SHA256, TLS_RSA_WITH_AES_128_CBC_SHA256, TLS_RSA_WITH_AES_256_CBC_SHA, TLS_RSA_WITH_AES_128_CBC_SHA, TLS_EMPTY_RENEGOTIATION_INFO_SCSV]
16:51:32.477 [main] DEBUG org.apache.http.conn.ssl.SSLConnectionSocketFactory - Starting handshake
16:51:32.555 [main] DEBUG org.apache.http.conn.ssl.SSLConnectionSocketFactory - Secure session established
16:51:32.555 [main] DEBUG org.apache.http.conn.ssl.SSLConnectionSocketFactory -  negotiated protocol: TLSv1.3
16:51:32.555 [main] DEBUG org.apache.http.conn.ssl.SSLConnectionSocketFactory -  negotiated cipher suite: TLS_AES_256_GCM_SHA384
16:51:32.555 [main] DEBUG org.apache.http.conn.ssl.SSLConnectionSocketFactory -  peer principal: CN=gorest.co.in
16:51:32.555 [main] DEBUG org.apache.http.conn.ssl.SSLConnectionSocketFactory -  peer alternative names: [gorest.co.in, *.gorest.co.in]
16:51:32.555 [main] DEBUG org.apache.http.conn.ssl.SSLConnectionSocketFactory -  issuer principal: CN=WE1, O=Google Trust Services, C=US
16:51:32.555 [main] DEBUG org.apache.http.impl.conn.DefaultHttpClientConnectionOperator - Connection established 192.168.0.14:56123<->172.67.157.231:443
16:51:32.555 [main] DEBUG org.apache.http.impl.conn.DefaultManagedHttpClientConnection - http-outgoing-1: set socket timeout to 30000
16:51:32.571 [main] DEBUG org.apache.http.impl.execchain.MainClientExec - Executing request POST /public/v2/users HTTP/1.1
16:51:32.571 [main] DEBUG org.apache.http.impl.execchain.MainClientExec - Proxy auth state: UNCHALLENGED
16:51:32.571 [main] DEBUG org.apache.http.headers - http-outgoing-1 >> POST /public/v2/users HTTP/1.1
16:51:32.571 [main] DEBUG org.apache.http.headers - http-outgoing-1 >> Authorization: Bearer 700d0c7a86eb84028bf5cd204b11587f812f9d7cd880dc4edbdbd1d407ae9954
16:51:32.571 [main] DEBUG org.apache.http.headers - http-outgoing-1 >> Accept: application/json
16:51:32.571 [main] DEBUG org.apache.http.headers - http-outgoing-1 >> Content-Type: application/json; charset=UTF-8
16:51:32.571 [main] DEBUG org.apache.http.headers - http-outgoing-1 >> Content-Length: 137
16:51:32.571 [main] DEBUG org.apache.http.headers - http-outgoing-1 >> Host: gorest.co.in
16:51:32.571 [main] DEBUG org.apache.http.headers - http-outgoing-1 >> Connection: Keep-Alive
16:51:32.571 [main] DEBUG org.apache.http.headers - http-outgoing-1 >> User-Agent: Apache-HttpClient/4.5.14 (Java/17.0.9)
16:51:32.571 [main] DEBUG org.apache.http.headers - http-outgoing-1 >> Accept-Encoding: gzip,deflate
16:51:32.571 [main] DEBUG org.apache.http.wire - http-outgoing-1 >> "POST /public/v2/users HTTP/1.1[\r][\n]"
16:51:32.571 [main] DEBUG org.apache.http.wire - http-outgoing-1 >> "Authorization: Bearer 700d0c7a86eb84028bf5cd204b11587f812f9d7cd880dc4edbdbd1d407ae9954[\r][\n]"
16:51:32.571 [main] DEBUG org.apache.http.wire - http-outgoing-1 >> "Accept: application/json[\r][\n]"
16:51:32.571 [main] DEBUG org.apache.http.wire - http-outgoing-1 >> "Content-Type: application/json; charset=UTF-8[\r][\n]"
16:51:32.571 [main] DEBUG org.apache.http.wire - http-outgoing-1 >> "Content-Length: 137[\r][\n]"
16:51:32.571 [main] DEBUG org.apache.http.wire - http-outgoing-1 >> "Host: gorest.co.in[\r][\n]"
16:51:32.571 [main] DEBUG org.apache.http.wire - http-outgoing-1 >> "Connection: Keep-Alive[\r][\n]"
16:51:32.571 [main] DEBUG org.apache.http.wire - http-outgoing-1 >> "User-Agent: Apache-HttpClient/4.5.14 (Java/17.0.9)[\r][\n]"
16:51:32.571 [main] DEBUG org.apache.http.wire - http-outgoing-1 >> "Accept-Encoding: gzip,deflate[\r][\n]"
16:51:32.571 [main] DEBUG org.apache.http.wire - http-outgoing-1 >> "[\r][\n]"
16:51:32.571 [main] DEBUG org.apache.http.wire - http-outgoing-1 >> "{"name":"Tenali Ramakrishna","gender":"male","email":"tenali.ramakrishna.d4d803a78ef24a2e855004e82797a4fc@example.com","status":"active"}"
16:51:33.093 [main] DEBUG org.apache.http.wire - http-outgoing-1 << "HTTP/1.1 201 Created[\r][\n]"
16:51:33.093 [main] DEBUG org.apache.http.wire - http-outgoing-1 << "Date: Wed, 01 Oct 2025 20:51:33 GMT[\r][\n]"
16:51:33.093 [main] DEBUG org.apache.http.wire - http-outgoing-1 << "Content-Type: application/json; charset=utf-8[\r][\n]"
16:51:33.093 [main] DEBUG org.apache.http.wire - http-outgoing-1 << "Content-Length: 150[\r][\n]"
16:51:33.093 [main] DEBUG org.apache.http.wire - http-outgoing-1 << "Connection: keep-alive[\r][\n]"
16:51:33.093 [main] DEBUG org.apache.http.wire - http-outgoing-1 << "Cache-Control: max-age=0, private, must-revalidate[\r][\n]"
16:51:33.093 [main] DEBUG org.apache.http.wire - http-outgoing-1 << "etag: W/"115416ca6ce23d169f1fe79741597b04"[\r][\n]"
16:51:33.093 [main] DEBUG org.apache.http.wire - http-outgoing-1 << "feature-policy: camera 'none'; gyroscope 'none'; microphone 'none'; usb 'none'; fullscreen 'self'[\r][\n]"
16:51:33.094 [main] DEBUG org.apache.http.wire - http-outgoing-1 << "location: https://gorest.co.in/public/v2/users/8161368[\r][\n]"
16:51:33.094 [main] DEBUG org.apache.http.wire - http-outgoing-1 << "referrer-policy: strict-origin-when-cross-origin[\r][\n]"
16:51:33.094 [main] DEBUG org.apache.http.wire - http-outgoing-1 << "vary: Origin[\r][\n]"
16:51:33.094 [main] DEBUG org.apache.http.wire - http-outgoing-1 << "x-content-type-options: nosniff[\r][\n]"
16:51:33.094 [main] DEBUG org.apache.http.wire - http-outgoing-1 << "x-download-options: noopen[\r][\n]"
16:51:33.094 [main] DEBUG org.apache.http.wire - http-outgoing-1 << "x-frame-options: SAMEORIGIN[\r][\n]"
16:51:33.094 [main] DEBUG org.apache.http.wire - http-outgoing-1 << "x-permitted-cross-domain-policies: none[\r][\n]"
16:51:33.094 [main] DEBUG org.apache.http.wire - http-outgoing-1 << "x-ratelimit-limit: 90[\r][\n]"
16:51:33.094 [main] DEBUG org.apache.http.wire - http-outgoing-1 << "x-ratelimit-remaining: 89[\r][\n]"
16:51:33.094 [main] DEBUG org.apache.http.wire - http-outgoing-1 << "x-ratelimit-reset: 1[\r][\n]"
16:51:33.094 [main] DEBUG org.apache.http.wire - http-outgoing-1 << "x-request-id: 6ffc91fc-6651-4cdd-ab02-3358cb016e70[\r][\n]"
16:51:33.094 [main] DEBUG org.apache.http.wire - http-outgoing-1 << "x-runtime: 0.067393[\r][\n]"
16:51:33.094 [main] DEBUG org.apache.http.wire - http-outgoing-1 << "x-xss-protection: 0[\r][\n]"
16:51:33.094 [main] DEBUG org.apache.http.wire - http-outgoing-1 << "cf-cache-status: DYNAMIC[\r][\n]"
16:51:33.094 [main] DEBUG org.apache.http.wire - http-outgoing-1 << "Nel: {"report_to":"cf-nel","success_fraction":0.0,"max_age":604800}[\r][\n]"
16:51:33.094 [main] DEBUG org.apache.http.wire - http-outgoing-1 << "Report-To: {"group":"cf-nel","max_age":604800,"endpoints":[{"url":"https://a.nel.cloudflare.com/report/v4?s=6hS4ckEss7sqw9NWFVW6f8q10exIwoNzEXfrD5svnbD%2F3QmqXtOTqF67uEZjCV8nvXiax9rjFkrwFYq9R3Q5Xt4xTFPlxamAoz2yDw%3D%3D"}]}[\r][\n]"
16:51:33.095 [main] DEBUG org.apache.http.wire - http-outgoing-1 << "Server: cloudflare[\r][\n]"
16:51:33.095 [main] DEBUG org.apache.http.wire - http-outgoing-1 << "CF-RAY: 987ed6b54d6cd841-EZE[\r][\n]"
16:51:33.095 [main] DEBUG org.apache.http.wire - http-outgoing-1 << "alt-svc: h3=":443"; ma=86400[\r][\n]"
16:51:33.095 [main] DEBUG org.apache.http.wire - http-outgoing-1 << "[\r][\n]"
16:51:33.095 [main] DEBUG org.apache.http.wire - http-outgoing-1 << "{"id":8161368,"name":"Tenali Ramakrishna","email":"tenali.ramakrishna.d4d803a78ef24a2e855004e82797a4fc@example.com","gender":"male","status":"active"}"
16:51:33.096 [main] DEBUG org.apache.http.headers - http-outgoing-1 << HTTP/1.1 201 Created
16:51:33.096 [main] DEBUG org.apache.http.headers - http-outgoing-1 << Date: Wed, 01 Oct 2025 20:51:33 GMT
16:51:33.096 [main] DEBUG org.apache.http.headers - http-outgoing-1 << Content-Type: application/json; charset=utf-8
16:51:33.096 [main] DEBUG org.apache.http.headers - http-outgoing-1 << Content-Length: 150
16:51:33.096 [main] DEBUG org.apache.http.headers - http-outgoing-1 << Connection: keep-alive
16:51:33.096 [main] DEBUG org.apache.http.headers - http-outgoing-1 << Cache-Control: max-age=0, private, must-revalidate
16:51:33.096 [main] DEBUG org.apache.http.headers - http-outgoing-1 << etag: W/"115416ca6ce23d169f1fe79741597b04"
16:51:33.096 [main] DEBUG org.apache.http.headers - http-outgoing-1 << feature-policy: camera 'none'; gyroscope 'none'; microphone 'none'; usb 'none'; fullscreen 'self'
16:51:33.096 [main] DEBUG org.apache.http.headers - http-outgoing-1 << location: https://gorest.co.in/public/v2/users/8161368
16:51:33.096 [main] DEBUG org.apache.http.headers - http-outgoing-1 << referrer-policy: strict-origin-when-cross-origin
16:51:33.096 [main] DEBUG org.apache.http.headers - http-outgoing-1 << vary: Origin
16:51:33.096 [main] DEBUG org.apache.http.headers - http-outgoing-1 << x-content-type-options: nosniff
16:51:33.096 [main] DEBUG org.apache.http.headers - http-outgoing-1 << x-download-options: noopen
16:51:33.096 [main] DEBUG org.apache.http.headers - http-outgoing-1 << x-frame-options: SAMEORIGIN
16:51:33.096 [main] DEBUG org.apache.http.headers - http-outgoing-1 << x-permitted-cross-domain-policies: none
16:51:33.097 [main] DEBUG org.apache.http.headers - http-outgoing-1 << x-ratelimit-limit: 90
16:51:33.097 [main] DEBUG org.apache.http.headers - http-outgoing-1 << x-ratelimit-remaining: 89
16:51:33.097 [main] DEBUG org.apache.http.headers - http-outgoing-1 << x-ratelimit-reset: 1
16:51:33.097 [main] DEBUG org.apache.http.headers - http-outgoing-1 << x-request-id: 6ffc91fc-6651-4cdd-ab02-3358cb016e70
16:51:33.097 [main] DEBUG org.apache.http.headers - http-outgoing-1 << x-runtime: 0.067393
16:51:33.097 [main] DEBUG org.apache.http.headers - http-outgoing-1 << x-xss-protection: 0
16:51:33.097 [main] DEBUG org.apache.http.headers - http-outgoing-1 << cf-cache-status: DYNAMIC
16:51:33.097 [main] DEBUG org.apache.http.headers - http-outgoing-1 << Nel: {"report_to":"cf-nel","success_fraction":0.0,"max_age":604800}
16:51:33.097 [main] DEBUG org.apache.http.headers - http-outgoing-1 << Report-To: {"group":"cf-nel","max_age":604800,"endpoints":[{"url":"https://a.nel.cloudflare.com/report/v4?s=6hS4ckEss7sqw9NWFVW6f8q10exIwoNzEXfrD5svnbD%2F3QmqXtOTqF67uEZjCV8nvXiax9rjFkrwFYq9R3Q5Xt4xTFPlxamAoz2yDw%3D%3D"}]}
16:51:33.097 [main] DEBUG org.apache.http.headers - http-outgoing-1 << Server: cloudflare
16:51:33.097 [main] DEBUG org.apache.http.headers - http-outgoing-1 << CF-RAY: 987ed6b54d6cd841-EZE
16:51:33.097 [main] DEBUG org.apache.http.headers - http-outgoing-1 << alt-svc: h3=":443"; ma=86400
16:51:33.098 [main] DEBUG org.apache.http.impl.execchain.MainClientExec - Connection can be kept alive indefinitely
16:51:33.098 [main] DEBUG org.apache.http.impl.conn.PoolingHttpClientConnectionManager - Connection [id: 1][route: {s}->https://gorest.co.in:443] can be kept alive indefinitely
16:51:33.098 [main] DEBUG org.apache.http.impl.conn.DefaultManagedHttpClientConnection - http-outgoing-1: set socket timeout to 0
16:51:33.098 [main] DEBUG org.apache.http.impl.conn.PoolingHttpClientConnectionManager - Connection released: [id: 1][route: {s}->https://gorest.co.in:443][total available: 1; route allocated: 1 of 5; total allocated: 1 of 10]
16:51:33.099 [main] DEBUG org.apache.http.impl.conn.PoolingHttpClientConnectionManager - Connection manager is shutting down
16:51:33.099 [main] DEBUG org.apache.http.impl.conn.DefaultManagedHttpClientConnection - http-outgoing-1: Close connection
16:51:33.101 [main] DEBUG org.apache.http.impl.conn.PoolingHttpClientConnectionManager - Connection manager shut down
16:51:33.102 [main] DEBUG com.intuit.karate - response time in milliseconds: 684
1 < 201
1 < Date: Wed, 01 Oct 2025 20:51:33 GMT
1 < Content-Type: application/json; charset=utf-8
1 < Content-Length: 150
1 < Connection: keep-alive
1 < Cache-Control: max-age=0, private, must-revalidate
1 < etag: W/"115416ca6ce23d169f1fe79741597b04"
1 < feature-policy: camera 'none'; gyroscope 'none'; microphone 'none'; usb 'none'; fullscreen 'self'
1 < location: https://gorest.co.in/public/v2/users/8161368
1 < referrer-policy: strict-origin-when-cross-origin
1 < vary: Origin
1 < x-content-type-options: nosniff
1 < x-download-options: noopen
1 < x-frame-options: SAMEORIGIN
1 < x-permitted-cross-domain-policies: none
1 < x-ratelimit-limit: 90
1 < x-ratelimit-remaining: 89
1 < x-ratelimit-reset: 1
1 < x-request-id: 6ffc91fc-6651-4cdd-ab02-3358cb016e70
1 < x-runtime: 0.067393
1 < x-xss-protection: 0
1 < cf-cache-status: DYNAMIC
1 < Nel: {"report_to":"cf-nel","success_fraction":0.0,"max_age":604800}
1 < Report-To: {"group":"cf-nel","max_age":604800,"endpoints":[{"url":"https://a.nel.cloudflare.com/report/v4?s=6hS4ckEss7sqw9NWFVW6f8q10exIwoNzEXfrD5svnbD%2F3QmqXtOTqF67uEZjCV8nvXiax9rjFkrwFYq9R3Q5Xt4xTFPlxamAoz2yDw%3D%3D"}]}
1 < Server: cloudflare
1 < CF-RAY: 987ed6b54d6cd841-EZE
1 < alt-svc: h3=":443"; ma=86400
{"id":8161368,"name":"Tenali Ramakrishna","email":"tenali.ramakrishna.d4d803a78ef24a2e855004e82797a4fc@example.com","gender":"male","status":"active"}

16:51:33.108 [main] DEBUG com.jayway.jsonpath.internal.path.CompiledPath - Evaluating path: $
16:51:33.167 [main] INFO com.intuit.karate - [print] Created userId: 8161368 
16:51:33.275 [main] DEBUG org.thymeleaf.TemplateEngine - [THYMELEAF] INITIALIZING TEMPLATE ENGINE
16:51:33.703 [main] DEBUG org.thymeleaf.TemplateEngine.CONFIG - Initializing Thymeleaf Template engine configuration...
[THYMELEAF] TEMPLATE ENGINE CONFIGURATION:
[THYMELEAF] * Thymeleaf version: 3.0.14.RELEASE (built 2021-12-08T00:45:29+0000)
[THYMELEAF] * Cache Manager implementation: org.thymeleaf.cache.StandardCacheManager
[THYMELEAF] * Template resolvers:
[THYMELEAF]     * [1] com.intuit.karate.template.ResourceHtmlTemplateResolver
[THYMELEAF] * Message resolvers:
[THYMELEAF]     * org.thymeleaf.messageresolver.StandardMessageResolver
[THYMELEAF] * Link builders:
[THYMELEAF]     * org.thymeleaf.linkbuilder.StandardLinkBuilder
[THYMELEAF] * Dialect [1 of 2]: Standard (com.intuit.karate.template.KarateStandardDialect)
[THYMELEAF]     * Prefix: "th"
[THYMELEAF]     * Processors for Template Mode: HTML
[THYMELEAF]         * Element Tag Processors by [matching element and attribute name] [precedence]:
[THYMELEAF]             * [* {th:include,data-th-include}] [100]: org.thymeleaf.standard.processor.StandardIncludeTagProcessor
[THYMELEAF]             * [* {th:insert,data-th-insert}] [100]: org.thymeleaf.standard.processor.StandardInsertTagProcessor
[THYMELEAF]             * [* {th:replace,data-th-replace}] [100]: org.thymeleaf.standard.processor.StandardReplaceTagProcessor
[THYMELEAF]             * [* {th:substituteby,data-th-substituteby}] [100]: org.thymeleaf.standard.processor.StandardSubstituteByTagProcessor
[THYMELEAF]             * [* {th:each,data-th-each}] [200]: com.intuit.karate.template.KarateEachTagProcessor
[THYMELEAF]             * [* {th:switch,data-th-switch}] [250]: org.thymeleaf.standard.processor.StandardSwitchTagProcessor
[THYMELEAF]             * [* {th:case,data-th-case}] [275]: org.thymeleaf.standard.processor.StandardCaseTagProcessor
[THYMELEAF]             * [* {th:if,data-th-if}] [300]: org.thymeleaf.standard.processor.StandardIfTagProcessor
[THYMELEAF]             * [* {th:unless,data-th-unless}] [400]: org.thymeleaf.standard.processor.StandardUnlessTagProcessor
[THYMELEAF]             * [* {th:object,data-th-object}] [500]: org.thymeleaf.standard.processor.StandardObjectTagProcessor
[THYMELEAF]             * [* {th:with,data-th-with}] [600]: com.intuit.karate.template.KarateWithTagProcessor
[THYMELEAF]             * [* {th:attr,data-th-attr}] [700]: com.intuit.karate.template.KarateAttributeTagProcessor.KarateAttrTagProcessor
[THYMELEAF]             * [* {th:attrappend,data-th-attrappend}] [900]: com.intuit.karate.template.KarateAttributeTagProcessor.KarateAttrappendTagProcessor
[THYMELEAF]             * [* {th:attrprepend,data-th-attrprepend}] [900]: com.intuit.karate.template.KarateAttributeTagProcessor.KarateAttrprependTagProcessor
[THYMELEAF]             * [* {th:alt-title,data-th-alt-title}] [990]: org.thymeleaf.standard.processor.StandardAltTitleTagProcessor
[THYMELEAF]             * [* {th:lang-xmllang,data-th-lang-xmllang}] [990]: org.thymeleaf.standard.processor.StandardLangXmlLangTagProcessor
[THYMELEAF]             * [* {th:action,data-th-action}] [1000]: org.thymeleaf.standard.processor.StandardActionTagProcessor
[THYMELEAF]             * [* {th:autoplay,data-th-autoplay}] [1000]: org.thymeleaf.standard.processor.StandardConditionalFixedValueTagProcessor
[THYMELEAF]             * [* {th:disabled,data-th-disabled}] [1000]: org.thymeleaf.standard.processor.StandardConditionalFixedValueTagProcessor
[THYMELEAF]             * [* {th:required,data-th-required}] [1000]: org.thymeleaf.standard.processor.StandardConditionalFixedValueTagProcessor
[THYMELEAF]             * [* {th:declare,data-th-declare}] [1000]: org.thymeleaf.standard.processor.StandardConditionalFixedValueTagProcessor
[THYMELEAF]             * [* {th:default,data-th-default}] [1000]: org.thymeleaf.standard.processor.StandardConditionalFixedValueTagProcessor
[THYMELEAF]             * [* {th:readonly,data-th-readonly}] [1000]: org.thymeleaf.standard.processor.StandardConditionalFixedValueTagProcessor
[THYMELEAF]             * [* {th:autofocus,data-th-autofocus}] [1000]: org.thymeleaf.standard.processor.StandardConditionalFixedValueTagProcessor
[THYMELEAF]             * [* {th:loop,data-th-loop}] [1000]: org.thymeleaf.standard.processor.StandardConditionalFixedValueTagProcessor
[THYMELEAF]             * [* {th:selected,data-th-selected}] [1000]: org.thymeleaf.standard.processor.StandardConditionalFixedValueTagProcessor
[THYMELEAF]             * [* {th:checked,data-th-checked}] [1000]: org.thymeleaf.standard.processor.StandardConditionalFixedValueTagProcessor
[THYMELEAF]             * [* {th:pubdate,data-th-pubdate}] [1000]: org.thymeleaf.standard.processor.StandardConditionalFixedValueTagProcessor
[THYMELEAF]             * [* {th:multiple,data-th-multiple}] [1000]: org.thymeleaf.standard.processor.StandardConditionalFixedValueTagProcessor
[THYMELEAF]             * [* {th:ismap,data-th-ismap}] [1000]: org.thymeleaf.standard.processor.StandardConditionalFixedValueTagProcessor
[THYMELEAF]             * [* {th:seamless,data-th-seamless}] [1000]: org.thymeleaf.standard.processor.StandardConditionalFixedValueTagProcessor
[THYMELEAF]             * [* {th:defer,data-th-defer}] [1000]: org.thymeleaf.standard.processor.StandardConditionalFixedValueTagProcessor
[THYMELEAF]             * [* {th:nowrap,data-th-nowrap}] [1000]: org.thymeleaf.standard.processor.StandardConditionalFixedValueTagProcessor
[THYMELEAF]             * [* {th:formnovalidate,data-th-formnovalidate}] [1000]: org.thymeleaf.standard.processor.StandardConditionalFixedValueTagProcessor
[THYMELEAF]             * [* {th:scoped,data-th-scoped}] [1000]: org.thymeleaf.standard.processor.StandardConditionalFixedValueTagProcessor
[THYMELEAF]             * [* {th:novalidate,data-th-novalidate}] [1000]: org.thymeleaf.standard.processor.StandardConditionalFixedValueTagProcessor
[THYMELEAF]             * [* {th:controls,data-th-controls}] [1000]: org.thymeleaf.standard.processor.StandardConditionalFixedValueTagProcessor
[THYMELEAF]             * [* {th:async,data-th-async}] [1000]: org.thymeleaf.standard.processor.StandardConditionalFixedValueTagProcessor
[THYMELEAF]             * [* {th:reversed,data-th-reversed}] [1000]: org.thymeleaf.standard.processor.StandardConditionalFixedValueTagProcessor
[THYMELEAF]             * [* {th:hidden,data-th-hidden}] [1000]: org.thymeleaf.standard.processor.StandardConditionalFixedValueTagProcessor
[THYMELEAF]             * [* {th:open,data-th-open}] [1000]: org.thymeleaf.standard.processor.StandardConditionalFixedValueTagProcessor
[THYMELEAF]             * [* {th:onafterprint,data-th-onafterprint}] [1000]: org.thymeleaf.standard.processor.StandardDOMEventAttributeTagProcessor
[THYMELEAF]             * [* {th:onmouseout,data-th-onmouseout}] [1000]: org.thymeleaf.standard.processor.StandardDOMEventAttributeTagProcessor
[THYMELEAF]             * [* {th:onseeked,data-th-onseeked}] [1000]: org.thymeleaf.standard.processor.StandardDOMEventAttributeTagProcessor
[THYMELEAF]             * [* {th:onscroll,data-th-onscroll}] [1000]: org.thymeleaf.standard.processor.StandardDOMEventAttributeTagProcessor
[THYMELEAF]             * [* {th:onchange,data-th-onchange}] [1000]: org.thymeleaf.standard.processor.StandardDOMEventAttributeTagProcessor
[THYMELEAF]             * [* {th:onsuspend,data-th-onsuspend}] [1000]: org.thymeleaf.standard.processor.StandardDOMEventAttributeTagProcessor
[THYMELEAF]             * [* {th:onundo,data-th-onundo}] [1000]: org.thymeleaf.standard.processor.StandardDOMEventAttributeTagProcessor
[THYMELEAF]             * [* {th:oncontextmenu,data-th-oncontextmenu}] [1000]: org.thymeleaf.standard.processor.StandardDOMEventAttributeTagProcessor
[THYMELEAF]             * [* {th:ondurationchange,data-th-ondurationchange}] [1000]: org.thymeleaf.standard.processor.StandardDOMEventAttributeTagProcessor
[THYMELEAF]             * [* {th:ondragenter,data-th-ondragenter}] [1000]: org.thymeleaf.standard.processor.StandardDOMEventAttributeTagProcessor
[THYMELEAF]             * [* {th:onsubmit,data-th-onsubmit}] [1000]: org.thymeleaf.standard.processor.StandardDOMEventAttributeTagProcessor
[THYMELEAF]             * [* {th:onpause,data-th-onpause}] [1000]: org.thymeleaf.standard.processor.StandardDOMEventAttributeTagProcessor
[THYMELEAF]             * [* {th:onload,data-th-onload}] [1000]: org.thymeleaf.standard.processor.StandardDOMEventAttributeTagProcessor
[THYMELEAF]             * [* {th:ondrop,data-th-ondrop}] [1000]: org.thymeleaf.standard.processor.StandardDOMEventAttributeTagProcessor
[THYMELEAF]             * [* {th:ondrag,data-th-ondrag}] [1000]: org.thymeleaf.standard.processor.StandardDOMEventAttributeTagProcessor
[THYMELEAF]             * [* {th:ondblclick,data-th-ondblclick}] [1000]: org.thymeleaf.standard.processor.StandardDOMEventAttributeTagProcessor
[THYMELEAF]             * [* {th:onstalled,data-th-onstalled}] [1000]: org.thymeleaf.standard.processor.StandardDOMEventAttributeTagProcessor
[THYMELEAF]             * [* {th:onloadedmetadata,data-th-onloadedmetadata}] [1000]: org.thymeleaf.standard.processor.StandardDOMEventAttributeTagProcessor
[THYMELEAF]             * [* {th:onreset,data-th-onreset}] [1000]: org.thymeleaf.standard.processor.StandardDOMEventAttributeTagProcessor
[THYMELEAF]             * [* {th:onredo,data-th-onredo}] [1000]: org.thymeleaf.standard.processor.StandardDOMEventAttributeTagProcessor
[THYMELEAF]             * [* {th:onended,data-th-onended}] [1000]: org.thymeleaf.standard.processor.StandardDOMEventAttributeTagProcessor
[THYMELEAF]             * [* {th:onselect,data-th-onselect}] [1000]: org.thymeleaf.standard.processor.StandardDOMEventAttributeTagProcessor
[THYMELEAF]             * [* {th:onhashchange,data-th-onhashchange}] [1000]: org.thymeleaf.standard.processor.StandardDOMEventAttributeTagProcessor
[THYMELEAF]             * [* {th:onblur,data-th-onblur}] [1000]: org.thymeleaf.standard.processor.StandardDOMEventAttributeTagProcessor
[THYMELEAF]             * [* {th:onplaying,data-th-onplaying}] [1000]: org.thymeleaf.standard.processor.StandardDOMEventAttributeTagProcessor
[THYMELEAF]             * [* {th:onloadstart,data-th-onloadstart}] [1000]: org.thymeleaf.standard.processor.StandardDOMEventAttributeTagProcessor
[THYMELEAF]             * [* {th:onratechange,data-th-onratechange}] [1000]: org.thymeleaf.standard.processor.StandardDOMEventAttributeTagProcessor
[THYMELEAF]             * [* {th:onwaiting,data-th-onwaiting}] [1000]: org.thymeleaf.standard.processor.StandardDOMEventAttributeTagProcessor
[THYMELEAF]             * [* {th:onplay,data-th-onplay}] [1000]: org.thymeleaf.standard.processor.StandardDOMEventAttributeTagProcessor
[THYMELEAF]             * [* {th:onabort,data-th-onabort}] [1000]: org.thymeleaf.standard.processor.StandardDOMEventAttributeTagProcessor
[THYMELEAF]             * [* {th:onerror,data-th-onerror}] [1000]: org.thymeleaf.standard.processor.StandardDOMEventAttributeTagProcessor
[THYMELEAF]             * [* {th:ondragend,data-th-ondragend}] [1000]: org.thymeleaf.standard.processor.StandardDOMEventAttributeTagProcessor
[THYMELEAF]             * [* {th:onreadystatechange,data-th-onreadystatechange}] [1000]: org.thymeleaf.standard.processor.StandardDOMEventAttributeTagProcessor
[THYMELEAF]             * [* {th:onkeypress,data-th-onkeypress}] [1000]: org.thymeleaf.standard.processor.StandardDOMEventAttributeTagProcessor
[THYMELEAF]             * [* {th:oncanplaythrough,data-th-oncanplaythrough}] [1000]: org.thymeleaf.standard.processor.StandardDOMEventAttributeTagProcessor
[THYMELEAF]             * [* {th:onunload,data-th-onunload}] [1000]: org.thymeleaf.standard.processor.StandardDOMEventAttributeTagProcessor
[THYMELEAF]             * [* {th:oninvalid,data-th-oninvalid}] [1000]: org.thymeleaf.standard.processor.StandardDOMEventAttributeTagProcessor
[THYMELEAF]             * [* {th:onkeyup,data-th-onkeyup}] [1000]: org.thymeleaf.standard.processor.StandardDOMEventAttributeTagProcessor
[THYMELEAF]             * [* {th:onpopstate,data-th-onpopstate}] [1000]: org.thymeleaf.standard.processor.StandardDOMEventAttributeTagProcessor
[THYMELEAF]             * [* {th:onbeforeunload,data-th-onbeforeunload}] [1000]: org.thymeleaf.standard.processor.StandardDOMEventAttributeTagProcessor
[THYMELEAF]             * [* {th:onmouseover,data-th-onmouseover}] [1000]: org.thymeleaf.standard.processor.StandardDOMEventAttributeTagProcessor
[THYMELEAF]             * [* {th:onforminput,data-th-onforminput}] [1000]: org.thymeleaf.standard.processor.StandardDOMEventAttributeTagProcessor
[THYMELEAF]             * [* {th:onmousedown,data-th-onmousedown}] [1000]: org.thymeleaf.standard.processor.StandardDOMEventAttributeTagProcessor
[THYMELEAF]             * [* {th:onloadeddata,data-th-onloadeddata}] [1000]: org.thymeleaf.standard.processor.StandardDOMEventAttributeTagProcessor
[THYMELEAF]             * [* {th:onmousewheel,data-th-onmousewheel}] [1000]: org.thymeleaf.standard.processor.StandardDOMEventAttributeTagProcessor
[THYMELEAF]             * [* {th:onclick,data-th-onclick}] [1000]: org.thymeleaf.standard.processor.StandardDOMEventAttributeTagProcessor
[THYMELEAF]             * [* {th:onoffline,data-th-onoffline}] [1000]: org.thymeleaf.standard.processor.StandardDOMEventAttributeTagProcessor
[THYMELEAF]             * [* {th:onbeforeprint,data-th-onbeforeprint}] [1000]: org.thymeleaf.standard.processor.StandardDOMEventAttributeTagProcessor
[THYMELEAF]             * [* {th:ondragstart,data-th-ondragstart}] [1000]: org.thymeleaf.standard.processor.StandardDOMEventAttributeTagProcessor
[THYMELEAF]             * [* {th:onstorage,data-th-onstorage}] [1000]: org.thymeleaf.standard.processor.StandardDOMEventAttributeTagProcessor
[THYMELEAF]             * [* {th:onresize,data-th-onresize}] [1000]: org.thymeleaf.standard.processor.StandardDOMEventAttributeTagProcessor
[THYMELEAF]             * [* {th:onmessage,data-th-onmessage}] [1000]: org.thymeleaf.standard.processor.StandardDOMEventAttributeTagProcessor
[THYMELEAF]             * [* {th:onformchange,data-th-onformchange}] [1000]: org.thymeleaf.standard.processor.StandardDOMEventAttributeTagProcessor
[THYMELEAF]             * [* {th:onemptied,data-th-onemptied}] [1000]: org.thymeleaf.standard.processor.StandardDOMEventAttributeTagProcessor
[THYMELEAF]             * [* {th:onfocus,data-th-onfocus}] [1000]: org.thymeleaf.standard.processor.StandardDOMEventAttributeTagProcessor
[THYMELEAF]             * [* {th:onseeking,data-th-onseeking}] [1000]: org.thymeleaf.standard.processor.StandardDOMEventAttributeTagProcessor
[THYMELEAF]             * [* {th:ontimeupdate,data-th-ontimeupdate}] [1000]: org.thymeleaf.standard.processor.StandardDOMEventAttributeTagProcessor
[THYMELEAF]             * [* {th:onshow,data-th-onshow}] [1000]: org.thymeleaf.standard.processor.StandardDOMEventAttributeTagProcessor
[THYMELEAF]             * [* {th:onmouseup,data-th-onmouseup}] [1000]: org.thymeleaf.standard.processor.StandardDOMEventAttributeTagProcessor
[THYMELEAF]             * [* {th:onkeydown,data-th-onkeydown}] [1000]: org.thymeleaf.standard.processor.StandardDOMEventAttributeTagProcessor
[THYMELEAF]             * [* {th:ondragover,data-th-ondragover}] [1000]: org.thymeleaf.standard.processor.StandardDOMEventAttributeTagProcessor
[THYMELEAF]             * [* {th:onprogress,data-th-onprogress}] [1000]: org.thymeleaf.standard.processor.StandardDOMEventAttributeTagProcessor
[THYMELEAF]             * [* {th:oninput,data-th-oninput}] [1000]: org.thymeleaf.standard.processor.StandardDOMEventAttributeTagProcessor
[THYMELEAF]             * [* {th:onvolumechange,data-th-onvolumechange}] [1000]: org.thymeleaf.standard.processor.StandardDOMEventAttributeTagProcessor
[THYMELEAF]             * [* {th:onmousemove,data-th-onmousemove}] [1000]: org.thymeleaf.standard.processor.StandardDOMEventAttributeTagProcessor
[THYMELEAF]             * [* {th:ondragleave,data-th-ondragleave}] [1000]: org.thymeleaf.standard.processor.StandardDOMEventAttributeTagProcessor
[THYMELEAF]             * [* {th:oncanplay,data-th-oncanplay}] [1000]: org.thymeleaf.standard.processor.StandardDOMEventAttributeTagProcessor
[THYMELEAF]             * [* {th:ononline,data-th-ononline}] [1000]: org.thymeleaf.standard.processor.StandardDOMEventAttributeTagProcessor
[THYMELEAF]             * [* {th:href,data-th-href}] [1000]: org.thymeleaf.standard.processor.StandardHrefTagProcessor
[THYMELEAF]             * [* {th:inline,data-th-inline}] [1000]: org.thymeleaf.standard.processor.StandardInlineHTMLTagProcessor
[THYMELEAF]             * [* {th:method,data-th-method}] [1000]: org.thymeleaf.standard.processor.StandardMethodTagProcessor
[THYMELEAF]             * [* {th:type,data-th-type}] [1000]: org.thymeleaf.standard.processor.StandardNonRemovableAttributeTagProcessor
[THYMELEAF]             * [* {th:name,data-th-name}] [1000]: org.thymeleaf.standard.processor.StandardNonRemovableAttributeTagProcessor
[THYMELEAF]             * [* {th:spellcheck,data-th-spellcheck}] [1000]: org.thymeleaf.standard.processor.StandardRemovableAttributeTagProcessor
[THYMELEAF]             * [* {th:contenteditable,data-th-contenteditable}] [1000]: org.thymeleaf.standard.processor.StandardRemovableAttributeTagProcessor
[THYMELEAF]             * [* {th:media,data-th-media}] [1000]: org.thymeleaf.standard.processor.StandardRemovableAttributeTagProcessor
[THYMELEAF]             * [* {th:class,data-th-class}] [1000]: org.thymeleaf.standard.processor.StandardRemovableAttributeTagProcessor
[THYMELEAF]             * [* {th:high,data-th-high}] [1000]: org.thymeleaf.standard.processor.StandardRemovableAttributeTagProcessor
[THYMELEAF]             * [* {th:accept-charset,data-th-accept-charset}] [1000]: org.thymeleaf.standard.processor.StandardRemovableAttributeTagProcessor
[THYMELEAF]             * [* {th:headers,data-th-headers}] [1000]: org.thymeleaf.standard.processor.StandardRemovableAttributeTagProcessor
[THYMELEAF]             * [* {th:accesskey,data-th-accesskey}] [1000]: org.thymeleaf.standard.processor.StandardRemovableAttributeTagProcessor
[THYMELEAF]             * [* {th:radiogroup,data-th-radiogroup}] [1000]: org.thymeleaf.standard.processor.StandardRemovableAttributeTagProcessor
[THYMELEAF]             * [* {th:accept,data-th-accept}] [1000]: org.thymeleaf.standard.processor.StandardRemovableAttributeTagProcessor
[THYMELEAF]             * [* {th:codebase,data-th-codebase}] [1000]: org.thymeleaf.standard.processor.StandardRemovableAttributeTagProcessor
[THYMELEAF]             * [* {th:dropzone,data-th-dropzone}] [1000]: org.thymeleaf.standard.processor.StandardRemovableAttributeTagProcessor
[THYMELEAF]             * [* {th:autocomplete,data-th-autocomplete}] [1000]: org.thymeleaf.standard.processor.StandardRemovableAttributeTagProcessor
[THYMELEAF]             * [* {th:form,data-th-form}] [1000]: org.thymeleaf.standard.processor.StandardRemovableAttributeTagProcessor
[THYMELEAF]             * [* {th:manifest,data-th-manifest}] [1000]: org.thymeleaf.standard.processor.StandardRemovableAttributeTagProcessor
[THYMELEAF]             * [* {th:min,data-th-min}] [1000]: org.thymeleaf.standard.processor.StandardRemovableAttributeTagProcessor
[THYMELEAF]             * [* {th:icon,data-th-icon}] [1000]: org.thymeleaf.standard.processor.StandardRemovableAttributeTagProcessor
[THYMELEAF]             * [* {th:frameborder,data-th-frameborder}] [1000]: org.thymeleaf.standard.processor.StandardRemovableAttributeTagProcessor
[THYMELEAF]             * [* {th:preload,data-th-preload}] [1000]: org.thymeleaf.standard.processor.StandardRemovableAttributeTagProcessor
[THYMELEAF]             * [* {th:title,data-th-title}] [1000]: org.thymeleaf.standard.processor.StandardRemovableAttributeTagProcessor
[THYMELEAF]             * [* {th:frame,data-th-frame}] [1000]: org.thymeleaf.standard.processor.StandardRemovableAttributeTagProcessor
[THYMELEAF]             * [* {th:height,data-th-height}] [1000]: org.thymeleaf.standard.processor.StandardRemovableAttributeTagProcessor
[THYMELEAF]             * [* {th:challenge,data-th-challenge}] [1000]: org.thymeleaf.standard.processor.StandardRemovableAttributeTagProcessor
[THYMELEAF]             * [* {th:data,data-th-data}] [1000]: org.thymeleaf.standard.processor.StandardRemovableAttributeTagProcessor
[THYMELEAF]             * [* {th:kind,data-th-kind}] [1000]: org.thymeleaf.standard.processor.StandardRemovableAttributeTagProcessor
[THYMELEAF]             * [* {th:srclang,data-th-srclang}] [1000]: org.thymeleaf.standard.processor.StandardRemovableAttributeTagProcessor
[THYMELEAF]             * [* {th:valuetype,data-th-valuetype}] [1000]: org.thymeleaf.standard.processor.StandardRemovableAttributeTagProcessor
[THYMELEAF]             * [* {th:formmethod,data-th-formmethod}] [1000]: org.thymeleaf.standard.processor.StandardRemovableAttributeTagProcessor
[THYMELEAF]             * [* {th:hspace,data-th-hspace}] [1000]: org.thymeleaf.standard.processor.StandardRemovableAttributeTagProcessor
[THYMELEAF]             * [* {th:alt,data-th-alt}] [1000]: org.thymeleaf.standard.processor.StandardRemovableAttributeTagProcessor
[THYMELEAF]             * [* {th:datetime,data-th-datetime}] [1000]: org.thymeleaf.standard.processor.StandardRemovableAttributeTagProcessor
[THYMELEAF]             * [* {th:standby,data-th-standby}] [1000]: org.thymeleaf.standard.processor.StandardRemovableAttributeTagProcessor
[THYMELEAF]             * [* {th:rules,data-th-rules}] [1000]: org.thymeleaf.standard.processor.StandardRemovableAttributeTagProcessor
[THYMELEAF]             * [* {th:placeholder,data-th-placeholder}] [1000]: org.thymeleaf.standard.processor.StandardRemovableAttributeTagProcessor
[THYMELEAF]             * [* {th:size,data-th-size}] [1000]: org.thymeleaf.standard.processor.StandardRemovableAttributeTagProcessor
[THYMELEAF]             * [* {th:for,data-th-for}] [1000]: org.thymeleaf.standard.processor.StandardRemovableAttributeTagProcessor
[THYMELEAF]             * [* {th:low,data-th-low}] [1000]: org.thymeleaf.standard.processor.StandardRemovableAttributeTagProcessor
[THYMELEAF]             * [* {th:usemap,data-th-usemap}] [1000]: org.thymeleaf.standard.processor.StandardRemovableAttributeTagProcessor
[THYMELEAF]             * [* {th:bgcolor,data-th-bgcolor}] [1000]: org.thymeleaf.standard.processor.StandardRemovableAttributeTagProcessor
[THYMELEAF]             * [* {th:hreflang,data-th-hreflang}] [1000]: org.thymeleaf.standard.processor.StandardRemovableAttributeTagProcessor
[THYMELEAF]             * [* {th:classid,data-th-classid}] [1000]: org.thymeleaf.standard.processor.StandardRemovableAttributeTagProcessor
[THYMELEAF]             * [* {th:rowspan,data-th-rowspan}] [1000]: org.thymeleaf.standard.processor.StandardRemovableAttributeTagProcessor
[THYMELEAF]             * [* {th:background,data-th-background}] [1000]: org.thymeleaf.standard.processor.StandardRemovableAttributeTagProcessor
[THYMELEAF]             * [* {th:vspace,data-th-vspace}] [1000]: org.thymeleaf.standard.processor.StandardRemovableAttributeTagProcessor
[THYMELEAF]             * [* {th:keytype,data-th-keytype}] [1000]: org.thymeleaf.standard.processor.StandardRemovableAttributeTagProcessor
[THYMELEAF]             * [* {th:width,data-th-width}] [1000]: org.thymeleaf.standard.processor.StandardRemovableAttributeTagProcessor
[THYMELEAF]             * [* {th:http-equiv,data-th-http-equiv}] [1000]: org.thymeleaf.standard.processor.StandardRemovableAttributeTagProcessor
[THYMELEAF]             * [* {th:scope,data-th-scope}] [1000]: org.thymeleaf.standard.processor.StandardRemovableAttributeTagProcessor
[THYMELEAF]             * [* {th:axis,data-th-axis}] [1000]: org.thymeleaf.standard.processor.StandardRemovableAttributeTagProcessor
[THYMELEAF]             * [* {th:step,data-th-step}] [1000]: org.thymeleaf.standard.processor.StandardRemovableAttributeTagProcessor
[THYMELEAF]             * [* {th:sizes,data-th-sizes}] [1000]: org.thymeleaf.standard.processor.StandardRemovableAttributeTagProcessor
[THYMELEAF]             * [* {th:cols,data-th-cols}] [1000]: org.thymeleaf.standard.processor.StandardRemovableAttributeTagProcessor
[THYMELEAF]             * [* {th:cite,data-th-cite}] [1000]: org.thymeleaf.standard.processor.StandardRemovableAttributeTagProcessor
[THYMELEAF]             * [* {th:style,data-th-style}] [1000]: org.thymeleaf.standard.processor.StandardRemovableAttributeTagProcessor
[THYMELEAF]             * [* {th:codetype,data-th-codetype}] [1000]: org.thymeleaf.standard.processor.StandardRemovableAttributeTagProcessor
[THYMELEAF]             * [* {th:charset,data-th-charset}] [1000]: org.thymeleaf.standard.processor.StandardRemovableAttributeTagProcessor
[THYMELEAF]             * [* {th:longdesc,data-th-longdesc}] [1000]: org.thymeleaf.standard.processor.StandardRemovableAttributeTagProcessor
[THYMELEAF]             * [* {th:contextmenu,data-th-contextmenu}] [1000]: org.thymeleaf.standard.processor.StandardRemovableAttributeTagProcessor
[THYMELEAF]             * [* {th:poster,data-th-poster}] [1000]: org.thymeleaf.standard.processor.StandardRemovableAttributeTagProcessor
[THYMELEAF]             * [* {th:border,data-th-border}] [1000]: org.thymeleaf.standard.processor.StandardRemovableAttributeTagProcessor
[THYMELEAF]             * [* {th:align,data-th-align}] [1000]: org.thymeleaf.standard.processor.StandardRemovableAttributeTagProcessor
[THYMELEAF]             * [* {th:formenctype,data-th-formenctype}] [1000]: org.thymeleaf.standard.processor.StandardRemovableAttributeTagProcessor
[THYMELEAF]             * [* {th:label,data-th-label}] [1000]: org.thymeleaf.standard.processor.StandardRemovableAttributeTagProcessor
[THYMELEAF]             * [* {th:pattern,data-th-pattern}] [1000]: org.thymeleaf.standard.processor.StandardRemovableAttributeTagProcessor
[THYMELEAF]             * [* {th:cellspacing,data-th-cellspacing}] [1000]: org.thymeleaf.standard.processor.StandardRemovableAttributeTagProcessor
[THYMELEAF]             * [* {th:lang,data-th-lang}] [1000]: org.thymeleaf.standard.processor.StandardRemovableAttributeTagProcessor
[THYMELEAF]             * [* {th:id,data-th-id}] [1000]: org.thymeleaf.standard.processor.StandardRemovableAttributeTagProcessor
[THYMELEAF]             * [* {th:scheme,data-th-scheme}] [1000]: org.thymeleaf.standard.processor.StandardRemovableAttributeTagProcessor
[THYMELEAF]             * [* {th:max,data-th-max}] [1000]: org.thymeleaf.standard.processor.StandardRemovableAttributeTagProcessor
[THYMELEAF]             * [* {th:marginheight,data-th-marginheight}] [1000]: org.thymeleaf.standard.processor.StandardRemovableAttributeTagProcessor
[THYMELEAF]             * [* {th:draggable,data-th-draggable}] [1000]: org.thymeleaf.standard.processor.StandardRemovableAttributeTagProcessor
[THYMELEAF]             * [* {th:sandbox,data-th-sandbox}] [1000]: org.thymeleaf.standard.processor.StandardRemovableAttributeTagProcessor
[THYMELEAF]             * [* {th:content,data-th-content}] [1000]: org.thymeleaf.standard.processor.StandardRemovableAttributeTagProcessor
[THYMELEAF]             * [* {th:rel,data-th-rel}] [1000]: org.thymeleaf.standard.processor.StandardRemovableAttributeTagProcessor
[THYMELEAF]             * [* {th:archive,data-th-archive}] [1000]: org.thymeleaf.standard.processor.StandardRemovableAttributeTagProcessor
[THYMELEAF]             * [* {th:tabindex,data-th-tabindex}] [1000]: org.thymeleaf.standard.processor.StandardRemovableAttributeTagProcessor
[THYMELEAF]             * [* {th:target,data-th-target}] [1000]: org.thymeleaf.standard.processor.StandardRemovableAttributeTagProcessor
[THYMELEAF]             * [* {th:marginwidth,data-th-marginwidth}] [1000]: org.thymeleaf.standard.processor.StandardRemovableAttributeTagProcessor
[THYMELEAF]             * [* {th:abbr,data-th-abbr}] [1000]: org.thymeleaf.standard.processor.StandardRemovableAttributeTagProcessor
[THYMELEAF]             * [* {th:compact,data-th-compact}] [1000]: org.thymeleaf.standard.processor.StandardRemovableAttributeTagProcessor
[THYMELEAF]             * [* {th:scrolling,data-th-scrolling}] [1000]: org.thymeleaf.standard.processor.StandardRemovableAttributeTagProcessor
[THYMELEAF]             * [* {th:formaction,data-th-formaction}] [1000]: org.thymeleaf.standard.processor.StandardRemovableAttributeTagProcessor
[THYMELEAF]             * [* {th:start,data-th-start}] [1000]: org.thymeleaf.standard.processor.StandardRemovableAttributeTagProcessor
[THYMELEAF]             * [* {th:optimum,data-th-optimum}] [1000]: org.thymeleaf.standard.processor.StandardRemovableAttributeTagProcessor
[THYMELEAF]             * [* {th:enctype,data-th-enctype}] [1000]: org.thymeleaf.standard.processor.StandardRemovableAttributeTagProcessor
[THYMELEAF]             * [* {th:formtarget,data-th-formtarget}] [1000]: org.thymeleaf.standard.processor.StandardRemovableAttributeTagProcessor
[THYMELEAF]             * [* {th:span,data-th-span}] [1000]: org.thymeleaf.standard.processor.StandardRemovableAttributeTagProcessor
[THYMELEAF]             * [* {th:list,data-th-list}] [1000]: org.thymeleaf.standard.processor.StandardRemovableAttributeTagProcessor
[THYMELEAF]             * [* {th:dir,data-th-dir}] [1000]: org.thymeleaf.standard.processor.StandardRemovableAttributeTagProcessor
[THYMELEAF]             * [* {th:summary,data-th-summary}] [1000]: org.thymeleaf.standard.processor.StandardRemovableAttributeTagProcessor
[THYMELEAF]             * [* {th:rev,data-th-rev}] [1000]: org.thymeleaf.standard.processor.StandardRemovableAttributeTagProcessor
[THYMELEAF]             * [* {th:rows,data-th-rows}] [1000]: org.thymeleaf.standard.processor.StandardRemovableAttributeTagProcessor
[THYMELEAF]             * [* {th:maxlength,data-th-maxlength}] [1000]: org.thymeleaf.standard.processor.StandardRemovableAttributeTagProcessor
[THYMELEAF]             * [* {th:wrap,data-th-wrap}] [1000]: org.thymeleaf.standard.processor.StandardRemovableAttributeTagProcessor
[THYMELEAF]             * [* {th:colspan,data-th-colspan}] [1000]: org.thymeleaf.standard.processor.StandardRemovableAttributeTagProcessor
[THYMELEAF]             * [* {th:cellpadding,data-th-cellpadding}] [1000]: org.thymeleaf.standard.processor.StandardRemovableAttributeTagProcessor
[THYMELEAF]             * [* {th:audio,data-th-audio}] [1000]: org.thymeleaf.standard.processor.StandardRemovableAttributeTagProcessor
[THYMELEAF]             * [* {th:src,data-th-src}] [1000]: org.thymeleaf.standard.processor.StandardSrcTagProcessor
[THYMELEAF]             * [* {th:value,data-th-value}] [1000]: org.thymeleaf.standard.processor.StandardValueTagProcessor
[THYMELEAF]             * [* {th:xmlbase,data-th-xmlbase}] [1000]: org.thymeleaf.standard.processor.StandardXmlBaseTagProcessor
[THYMELEAF]             * [* {th:xmllang,data-th-xmllang}] [1000]: org.thymeleaf.standard.processor.StandardXmlLangTagProcessor
[THYMELEAF]             * [* {xmlns:th}] [1000]: org.thymeleaf.standard.processor.StandardXmlNsTagProcessor
[THYMELEAF]             * [* {th:xmlspace,data-th-xmlspace}] [1000]: org.thymeleaf.standard.processor.StandardXmlSpaceTagProcessor
[THYMELEAF]             * [* {th:classappend,data-th-classappend}] [1100]: org.thymeleaf.standard.processor.StandardClassappendTagProcessor
[THYMELEAF]             * [* {th:styleappend,data-th-styleappend}] [1100]: org.thymeleaf.standard.processor.StandardStyleappendTagProcessor
[THYMELEAF]             * [* {th:text,data-th-text}] [1300]: org.thymeleaf.standard.processor.StandardTextTagProcessor
[THYMELEAF]             * [* {th:utext,data-th-utext}] [1400]: org.thymeleaf.standard.processor.StandardUtextTagProcessor
[THYMELEAF]             * [* {th:fragment,data-th-fragment}] [1500]: org.thymeleaf.standard.processor.StandardFragmentTagProcessor
[THYMELEAF]             * [* {th:assert,data-th-assert}] [1550]: org.thymeleaf.standard.processor.StandardAssertTagProcessor
[THYMELEAF]             * [* {th:remove,data-th-remove}] [1600]: org.thymeleaf.standard.processor.StandardRemoveTagProcessor
[THYMELEAF]             * [* {th:ref,data-th-ref}] [10000]: org.thymeleaf.standard.processor.StandardRefAttributeTagProcessor
[THYMELEAF]             * [{th:block,th-block} *] [100000]: org.thymeleaf.standard.processor.StandardBlockTagProcessor
[THYMELEAF]             * [* th:*] [2147483647]: org.thymeleaf.standard.processor.StandardDefaultAttributesTagProcessor
[THYMELEAF]         * Text Processors by [precedence]:
[THYMELEAF]             * [1000]: org.thymeleaf.standard.processor.StandardInliningTextProcessor
[THYMELEAF]         * DOCTYPE Processors by [precedence]:
[THYMELEAF]             * [1000]: org.thymeleaf.standard.processor.StandardTranslationDocTypeProcessor
[THYMELEAF]         * CDATA Section Processors by [precedence]:
[THYMELEAF]             * [1000]: org.thymeleaf.standard.processor.StandardInliningCDATASectionProcessor
[THYMELEAF]         * Comment Processors by [precedence]:
[THYMELEAF]             * [1000]: org.thymeleaf.standard.processor.StandardInliningCommentProcessor
[THYMELEAF]             * [1100]: org.thymeleaf.standard.processor.StandardConditionalCommentProcessor
[THYMELEAF]     * Processors for Template Mode: XML
[THYMELEAF]         * Element Tag Processors by [matching element and attribute name] [precedence]:
[THYMELEAF]             * [* {th:include}] [100]: org.thymeleaf.standard.processor.StandardIncludeTagProcessor
[THYMELEAF]             * [* {th:insert}] [100]: org.thymeleaf.standard.processor.StandardInsertTagProcessor
[THYMELEAF]             * [* {th:replace}] [100]: org.thymeleaf.standard.processor.StandardReplaceTagProcessor
[THYMELEAF]             * [* {th:substituteby}] [100]: org.thymeleaf.standard.processor.StandardSubstituteByTagProcessor
[THYMELEAF]             * [* {th:each}] [200]: com.intuit.karate.template.KarateEachTagProcessor
[THYMELEAF]             * [* {th:switch}] [250]: org.thymeleaf.standard.processor.StandardSwitchTagProcessor
[THYMELEAF]             * [* {th:case}] [275]: org.thymeleaf.standard.processor.StandardCaseTagProcessor
[THYMELEAF]             * [* {th:if}] [300]: org.thymeleaf.standard.processor.StandardIfTagProcessor
[THYMELEAF]             * [* {th:unless}] [400]: org.thymeleaf.standard.processor.StandardUnlessTagProcessor
[THYMELEAF]             * [* {th:object}] [500]: org.thymeleaf.standard.processor.StandardObjectTagProcessor
[THYMELEAF]             * [* {th:with}] [600]: com.intuit.karate.template.KarateWithTagProcessor
[THYMELEAF]             * [* {th:attr}] [700]: com.intuit.karate.template.KarateAttributeTagProcessor.KarateAttrTagProcessor
[THYMELEAF]             * [* {th:attrappend}] [900]: com.intuit.karate.template.KarateAttributeTagProcessor.KarateAttrappendTagProcessor
[THYMELEAF]             * [* {th:attrprepend}] [900]: com.intuit.karate.template.KarateAttributeTagProcessor.KarateAttrprependTagProcessor
[THYMELEAF]             * [* {th:inline}] [1000]: org.thymeleaf.standard.processor.StandardInlineXMLTagProcessor
[THYMELEAF]             * [* {xmlns:th}] [1000]: org.thymeleaf.standard.processor.StandardXmlNsTagProcessor
[THYMELEAF]             * [* {th:text}] [1300]: org.thymeleaf.standard.processor.StandardTextTagProcessor
[THYMELEAF]             * [* {th:utext}] [1400]: org.thymeleaf.standard.processor.StandardUtextTagProcessor
[THYMELEAF]             * [* {th:fragment}] [1500]: org.thymeleaf.standard.processor.StandardFragmentTagProcessor
[THYMELEAF]             * [* {th:assert}] [1550]: org.thymeleaf.standard.processor.StandardAssertTagProcessor
[THYMELEAF]             * [* {th:remove}] [1600]: org.thymeleaf.standard.processor.StandardRemoveTagProcessor
[THYMELEAF]             * [* {th:ref}] [10000]: org.thymeleaf.standard.processor.StandardRefAttributeTagProcessor
[THYMELEAF]             * [{th:block} *] [100000]: org.thymeleaf.standard.processor.StandardBlockTagProcessor
[THYMELEAF]             * [* th:*] [2147483647]: org.thymeleaf.standard.processor.StandardDefaultAttributesTagProcessor
[THYMELEAF]         * Text Processors by [precedence]:
[THYMELEAF]             * [1000]: org.thymeleaf.standard.processor.StandardInliningTextProcessor
[THYMELEAF]         * CDATA Section Processors by [precedence]:
[THYMELEAF]             * [1000]: org.thymeleaf.standard.processor.StandardInliningCDATASectionProcessor
[THYMELEAF]         * Comment Processors by [precedence]:
[THYMELEAF]             * [1000]: org.thymeleaf.standard.processor.StandardInliningCommentProcessor
[THYMELEAF]     * Processors for Template Mode: TEXT
[THYMELEAF]         * Element Tag Processors by [matching element and attribute name] [precedence]:
[THYMELEAF]             * [* {th:insert}] [100]: org.thymeleaf.standard.processor.StandardInsertTagProcessor
[THYMELEAF]             * [* {th:replace}] [100]: org.thymeleaf.standard.processor.StandardReplaceTagProcessor
[THYMELEAF]             * [* {th:each}] [200]: com.intuit.karate.template.KarateEachTagProcessor
[THYMELEAF]             * [* {th:switch}] [250]: org.thymeleaf.standard.processor.StandardSwitchTagProcessor
[THYMELEAF]             * [* {th:case}] [275]: org.thymeleaf.standard.processor.StandardCaseTagProcessor
[THYMELEAF]             * [* {th:if}] [300]: org.thymeleaf.standard.processor.StandardIfTagProcessor
[THYMELEAF]             * [* {th:unless}] [400]: org.thymeleaf.standard.processor.StandardUnlessTagProcessor
[THYMELEAF]             * [* {th:object}] [500]: org.thymeleaf.standard.processor.StandardObjectTagProcessor
[THYMELEAF]             * [* {th:with}] [600]: com.intuit.karate.template.KarateWithTagProcessor
[THYMELEAF]             * [* {th:inline}] [1000]: org.thymeleaf.standard.processor.StandardInlineTextualTagProcessor
[THYMELEAF]             * [* {th:text}] [1300]: org.thymeleaf.standard.processor.StandardTextTagProcessor
[THYMELEAF]             * [* {th:utext}] [1400]: org.thymeleaf.standard.processor.StandardUtextTagProcessor
[THYMELEAF]             * [* {th:assert}] [1550]: org.thymeleaf.standard.processor.StandardAssertTagProcessor
[THYMELEAF]             * [* {th:remove}] [1600]: org.thymeleaf.standard.processor.StandardRemoveTagProcessor
[THYMELEAF]             * [* 100000] [org.thymeleaf.standard.processor.StandardBlockTagProcessor]: {}
[THYMELEAF]             * [{th:block} *] [100000]: org.thymeleaf.standard.processor.StandardBlockTagProcessor
[THYMELEAF]         * Text Processors by [precedence]:
[THYMELEAF]             * [1000]: org.thymeleaf.standard.processor.StandardInliningTextProcessor
[THYMELEAF]     * Processors for Template Mode: JAVASCRIPT
[THYMELEAF]         * Element Tag Processors by [matching element and attribute name] [precedence]:
[THYMELEAF]             * [* {th:insert}] [100]: org.thymeleaf.standard.processor.StandardInsertTagProcessor
[THYMELEAF]             * [* {th:replace}] [100]: org.thymeleaf.standard.processor.StandardReplaceTagProcessor
[THYMELEAF]             * [* {th:each}] [200]: com.intuit.karate.template.KarateEachTagProcessor
[THYMELEAF]             * [* {th:switch}] [250]: org.thymeleaf.standard.processor.StandardSwitchTagProcessor
[THYMELEAF]             * [* {th:case}] [275]: org.thymeleaf.standard.processor.StandardCaseTagProcessor
[THYMELEAF]             * [* {th:if}] [300]: org.thymeleaf.standard.processor.StandardIfTagProcessor
[THYMELEAF]             * [* {th:unless}] [400]: org.thymeleaf.standard.processor.StandardUnlessTagProcessor
[THYMELEAF]             * [* {th:object}] [500]: org.thymeleaf.standard.processor.StandardObjectTagProcessor
[THYMELEAF]             * [* {th:with}] [600]: com.intuit.karate.template.KarateWithTagProcessor
[THYMELEAF]             * [* {th:inline}] [1000]: org.thymeleaf.standard.processor.StandardInlineTextualTagProcessor
[THYMELEAF]             * [* {th:text}] [1300]: org.thymeleaf.standard.processor.StandardTextTagProcessor
[THYMELEAF]             * [* {th:utext}] [1400]: org.thymeleaf.standard.processor.StandardUtextTagProcessor
[...]
[THYMELEAF]             * [* {th:codetype,data-th-codetype}] [1000]: org.thymeleaf.standard.processor.StandardRemovableAttributeTagProcessor
[THYMELEAF]             * [* {th:max,data-th-max}] [1000]: org.thymeleaf.standard.processor.StandardRemovableAttributeTagProcessor
[THYMELEAF]             * [* {th:size,data-th-size}] [1000]: org.thymeleaf.standard.processor.StandardRemovableAttributeTagProcessor
[THYMELEAF]             * [* {th:low,data-th-low}] [1000]: org.thymeleaf.standard.processor.StandardRemovableAttributeTagProcessor
[THYMELEAF]             * [* {th:classid,data-th-classid}] [1000]: org.thymeleaf.standard.processor.StandardRemovableAttributeTagProcessor
[THYMELEAF]             * [* {th:frameborder,data-th-frameborder}] [1000]: org.thymeleaf.standard.processor.StandardRemovableAttributeTagProcessor
[THYMELEAF]             * [* {th:colspan,data-th-colspan}] [1000]: org.thymeleaf.standard.processor.StandardRemovableAttributeTagProcessor
[THYMELEAF]             * [* {th:high,data-th-high}] [1000]: org.thymeleaf.standard.processor.StandardRemovableAttributeTagProcessor
[THYMELEAF]             * [* {th:rev,data-th-rev}] [1000]: org.thymeleaf.standard.processor.StandardRemovableAttributeTagProcessor
[THYMELEAF]             * [* {th:content,data-th-content}] [1000]: org.thymeleaf.standard.processor.StandardRemovableAttributeTagProcessor
[THYMELEAF]             * [* {th:scheme,data-th-scheme}] [1000]: org.thymeleaf.standard.processor.StandardRemovableAttributeTagProcessor
[THYMELEAF]             * [* {th:audio,data-th-audio}] [1000]: org.thymeleaf.standard.processor.StandardRemovableAttributeTagProcessor
[THYMELEAF]             * [* {th:srclang,data-th-srclang}] [1000]: org.thymeleaf.standard.processor.StandardRemovableAttributeTagProcessor
[THYMELEAF]             * [* {th:alt,data-th-alt}] [1000]: org.thymeleaf.standard.processor.StandardRemovableAttributeTagProcessor
[THYMELEAF]             * [* {th:frame,data-th-frame}] [1000]: org.thymeleaf.standard.processor.StandardRemovableAttributeTagProcessor
[THYMELEAF]             * [* {th:manifest,data-th-manifest}] [1000]: org.thymeleaf.standard.processor.StandardRemovableAttributeTagProcessor
[THYMELEAF]             * [* {th:challenge,data-th-challenge}] [1000]: org.thymeleaf.standard.processor.StandardRemovableAttributeTagProcessor
[THYMELEAF]             * [* {th:lang,data-th-lang}] [1000]: org.thymeleaf.standard.processor.StandardRemovableAttributeTagProcessor
[THYMELEAF]             * [* {th:accesskey,data-th-accesskey}] [1000]: org.thymeleaf.standard.processor.StandardRemovableAttributeTagProcessor
[THYMELEAF]             * [* {th:border,data-th-border}] [1000]: org.thymeleaf.standard.processor.StandardRemovableAttributeTagProcessor
[THYMELEAF]             * [* {th:kind,data-th-kind}] [1000]: org.thymeleaf.standard.processor.StandardRemovableAttributeTagProcessor
[THYMELEAF]             * [* {th:radiogroup,data-th-radiogroup}] [1000]: org.thymeleaf.standard.processor.StandardRemovableAttributeTagProcessor
[THYMELEAF]             * [* {th:spellcheck,data-th-spellcheck}] [1000]: org.thymeleaf.standard.processor.StandardRemovableAttributeTagProcessor
[THYMELEAF]             * [* {th:label,data-th-label}] [1000]: org.thymeleaf.standard.processor.StandardRemovableAttributeTagProcessor
[THYMELEAF]             * [* {th:usemap,data-th-usemap}] [1000]: org.thymeleaf.standard.processor.StandardRemovableAttributeTagProcessor
[THYMELEAF]             * [* {th:formenctype,data-th-formenctype}] [1000]: org.thymeleaf.standard.processor.StandardRemovableAttributeTagProcessor
[THYMELEAF]             * [* {th:maxlength,data-th-maxlength}] [1000]: org.thymeleaf.standard.processor.StandardRemovableAttributeTagProcessor
[THYMELEAF]             * [* {th:http-equiv,data-th-http-equiv}] [1000]: org.thymeleaf.standard.processor.StandardRemovableAttributeTagProcessor
[THYMELEAF]             * [* {th:abbr,data-th-abbr}] [1000]: org.thymeleaf.standard.processor.StandardRemovableAttributeTagProcessor
[THYMELEAF]             * [* {th:marginwidth,data-th-marginwidth}] [1000]: org.thymeleaf.standard.processor.StandardRemovableAttributeTagProcessor
[THYMELEAF]             * [* {th:contextmenu,data-th-contextmenu}] [1000]: org.thymeleaf.standard.processor.StandardRemovableAttributeTagProcessor
[THYMELEAF]             * [* {th:dir,data-th-dir}] [1000]: org.thymeleaf.standard.processor.StandardRemovableAttributeTagProcessor
[THYMELEAF]             * [* {th:wrap,data-th-wrap}] [1000]: org.thymeleaf.standard.processor.StandardRemovableAttributeTagProcessor
[THYMELEAF]             * [* {th:target,data-th-target}] [1000]: org.thymeleaf.standard.processor.StandardRemovableAttributeTagProcessor
[THYMELEAF]             * [* {th:headers,data-th-headers}] [1000]: org.thymeleaf.standard.processor.StandardRemovableAttributeTagProcessor
[THYMELEAF]             * [* {th:vspace,data-th-vspace}] [1000]: org.thymeleaf.standard.processor.StandardRemovableAttributeTagProcessor
[THYMELEAF]             * [* {th:sandbox,data-th-sandbox}] [1000]: org.thymeleaf.standard.processor.StandardRemovableAttributeTagProcessor
[THYMELEAF]             * [* {th:rules,data-th-rules}] [1000]: org.thymeleaf.standard.processor.StandardRemovableAttributeTagProcessor
[THYMELEAF]             * [* {th:src,data-th-src}] [1000]: org.thymeleaf.standard.processor.StandardSrcTagProcessor
[THYMELEAF]             * [* {th:value,data-th-value}] [1000]: org.thymeleaf.standard.processor.StandardValueTagProcessor
[THYMELEAF]             * [* {th:xmlbase,data-th-xmlbase}] [1000]: org.thymeleaf.standard.processor.StandardXmlBaseTagProcessor
[THYMELEAF]             * [* {th:xmllang,data-th-xmllang}] [1000]: org.thymeleaf.standard.processor.StandardXmlLangTagProcessor
[THYMELEAF]             * [* {xmlns:th}] [1000]: org.thymeleaf.standard.processor.StandardXmlNsTagProcessor
[THYMELEAF]             * [* {th:xmlspace,data-th-xmlspace}] [1000]: org.thymeleaf.standard.processor.StandardXmlSpaceTagProcessor
[THYMELEAF]             * [* {th:classappend,data-th-classappend}] [1100]: org.thymeleaf.standard.processor.StandardClassappendTagProcessor
[THYMELEAF]             * [* {th:styleappend,data-th-styleappend}] [1100]: org.thymeleaf.standard.processor.StandardStyleappendTagProcessor
[THYMELEAF]             * [* {th:text,data-th-text}] [1300]: org.thymeleaf.standard.processor.StandardTextTagProcessor
[THYMELEAF]             * [* {th:utext,data-th-utext}] [1400]: org.thymeleaf.standard.processor.StandardUtextTagProcessor
[THYMELEAF]             * [* {th:fragment,data-th-fragment}] [1500]: org.thymeleaf.standard.processor.StandardFragmentTagProcessor
[THYMELEAF]             * [* {th:assert,data-th-assert}] [1550]: org.thymeleaf.standard.processor.StandardAssertTagProcessor
[THYMELEAF]             * [* {th:remove,data-th-remove}] [1600]: org.thymeleaf.standard.processor.StandardRemoveTagProcessor
[THYMELEAF]             * [* {th:ref,data-th-ref}] [10000]: org.thymeleaf.standard.processor.StandardRefAttributeTagProcessor
[THYMELEAF]             * [{th:block,th-block} *] [100000]: org.thymeleaf.standard.processor.StandardBlockTagProcessor
[THYMELEAF]             * [* th:*] [2147483647]: org.thymeleaf.standard.processor.StandardDefaultAttributesTagProcessor
[THYMELEAF]         * Text Processors by [precedence]:
[THYMELEAF]             * [1000]: org.thymeleaf.standard.processor.StandardInliningTextProcessor
[THYMELEAF]         * DOCTYPE Processors by [precedence]:
[THYMELEAF]             * [1000]: org.thymeleaf.standard.processor.StandardTranslationDocTypeProcessor
[THYMELEAF]         * CDATA Section Processors by [precedence]:
[THYMELEAF]             * [1000]: org.thymeleaf.standard.processor.StandardInliningCDATASectionProcessor
[THYMELEAF]         * Comment Processors by [precedence]:
[THYMELEAF]             * [1000]: org.thymeleaf.standard.processor.StandardInliningCommentProcessor
[THYMELEAF]             * [1100]: org.thymeleaf.standard.processor.StandardConditionalCommentProcessor
[THYMELEAF]     * Processors for Template Mode: XML
[THYMELEAF]         * Element Tag Processors by [matching element and attribute name] [precedence]:
[THYMELEAF]             * [* {th:include}] [100]: org.thymeleaf.standard.processor.StandardIncludeTagProcessor
[THYMELEAF]             * [* {th:insert}] [100]: org.thymeleaf.standard.processor.StandardInsertTagProcessor
[THYMELEAF]             * [* {th:replace}] [100]: org.thymeleaf.standard.processor.StandardReplaceTagProcessor
[THYMELEAF]             * [* {th:substituteby}] [100]: org.thymeleaf.standard.processor.StandardSubstituteByTagProcessor
[THYMELEAF]             * [* {th:each}] [200]: com.intuit.karate.template.KarateEachTagProcessor
[THYMELEAF]             * [* {th:switch}] [250]: org.thymeleaf.standard.processor.StandardSwitchTagProcessor
[THYMELEAF]             * [* {th:case}] [275]: org.thymeleaf.standard.processor.StandardCaseTagProcessor
[THYMELEAF]             * [* {th:if}] [300]: org.thymeleaf.standard.processor.StandardIfTagProcessor
[THYMELEAF]             * [* {th:unless}] [400]: org.thymeleaf.standard.processor.StandardUnlessTagProcessor
[THYMELEAF]             * [* {th:object}] [500]: org.thymeleaf.standard.processor.StandardObjectTagProcessor
[THYMELEAF]             * [* {th:with}] [600]: com.intuit.karate.template.KarateWithTagProcessor
[THYMELEAF]             * [* {th:attr}] [700]: com.intuit.karate.template.KarateAttributeTagProcessor.KarateAttrTagProcessor
[THYMELEAF]             * [* {th:attrappend}] [900]: com.intuit.karate.template.KarateAttributeTagProcessor.KarateAttrappendTagProcessor
[THYMELEAF]             * [* {th:attrprepend}] [900]: com.intuit.karate.template.KarateAttributeTagProcessor.KarateAttrprependTagProcessor
[THYMELEAF]             * [* {th:inline}] [1000]: org.thymeleaf.standard.processor.StandardInlineXMLTagProcessor
[THYMELEAF]             * [* {xmlns:th}] [1000]: org.thymeleaf.standard.processor.StandardXmlNsTagProcessor
[THYMELEAF]             * [* {th:text}] [1300]: org.thymeleaf.standard.processor.StandardTextTagProcessor
[THYMELEAF]             * [* {th:utext}] [1400]: org.thymeleaf.standard.processor.StandardUtextTagProcessor
[THYMELEAF]             * [* {th:fragment}] [1500]: org.thymeleaf.standard.processor.StandardFragmentTagProcessor
[THYMELEAF]             * [* {th:assert}] [1550]: org.thymeleaf.standard.processor.StandardAssertTagProcessor
[THYMELEAF]             * [* {th:remove}] [1600]: org.thymeleaf.standard.processor.StandardRemoveTagProcessor
[THYMELEAF]             * [* {th:ref}] [10000]: org.thymeleaf.standard.processor.StandardRefAttributeTagProcessor
[THYMELEAF]             * [{th:block} *] [100000]: org.thymeleaf.standard.processor.StandardBlockTagProcessor
[THYMELEAF]             * [* th:*] [2147483647]: org.thymeleaf.standard.processor.StandardDefaultAttributesTagProcessor
[THYMELEAF]         * Text Processors by [precedence]:
[THYMELEAF]             * [1000]: org.thymeleaf.standard.processor.StandardInliningTextProcessor
[THYMELEAF]         * CDATA Section Processors by [precedence]:
[THYMELEAF]             * [1000]: org.thymeleaf.standard.processor.StandardInliningCDATASectionProcessor
[THYMELEAF]         * Comment Processors by [precedence]:
[THYMELEAF]             * [1000]: org.thymeleaf.standard.processor.StandardInliningCommentProcessor
[THYMELEAF]     * Processors for Template Mode: TEXT
[THYMELEAF]         * Element Tag Processors by [matching element and attribute name] [precedence]:
[THYMELEAF]             * [* {th:insert}] [100]: org.thymeleaf.standard.processor.StandardInsertTagProcessor
[THYMELEAF]             * [* {th:replace}] [100]: org.thymeleaf.standard.processor.StandardReplaceTagProcessor
[THYMELEAF]             * [* {th:each}] [200]: com.intuit.karate.template.KarateEachTagProcessor
[THYMELEAF]             * [* {th:switch}] [250]: org.thymeleaf.standard.processor.StandardSwitchTagProcessor
[THYMELEAF]             * [* {th:case}] [275]: org.thymeleaf.standard.processor.StandardCaseTagProcessor
[THYMELEAF]             * [* {th:if}] [300]: org.thymeleaf.standard.processor.StandardIfTagProcessor
[THYMELEAF]             * [* {th:unless}] [400]: org.thymeleaf.standard.processor.StandardUnlessTagProcessor
[THYMELEAF]             * [* {th:object}] [500]: org.thymeleaf.standard.processor.StandardObjectTagProcessor
[THYMELEAF]             * [* {th:with}] [600]: com.intuit.karate.template.KarateWithTagProcessor
[THYMELEAF]             * [* {th:inline}] [1000]: org.thymeleaf.standard.processor.StandardInlineTextualTagProcessor
[THYMELEAF]             * [* {th:text}] [1300]: org.thymeleaf.standard.processor.StandardTextTagProcessor
[THYMELEAF]             * [* {th:utext}] [1400]: org.thymeleaf.standard.processor.StandardUtextTagProcessor
[THYMELEAF]             * [* {th:assert}] [1550]: org.thymeleaf.standard.processor.StandardAssertTagProcessor
[THYMELEAF]             * [* {th:remove}] [1600]: org.thymeleaf.standard.processor.StandardRemoveTagProcessor
[THYMELEAF]             * [{th:block} *] [100000]: org.thymeleaf.standard.processor.StandardBlockTagProcessor
[THYMELEAF]             * [* 100000] [org.thymeleaf.standard.processor.StandardBlockTagProcessor]: {}
[THYMELEAF]         * Text Processors by [precedence]:
[THYMELEAF]             * [1000]: org.thymeleaf.standard.processor.StandardInliningTextProcessor
[THYMELEAF]     * Processors for Template Mode: JAVASCRIPT
[THYMELEAF]         * Element Tag Processors by [matching element and attribute name] [precedence]:
[THYMELEAF]             * [* {th:insert}] [100]: org.thymeleaf.standard.processor.StandardInsertTagProcessor
[THYMELEAF]             * [* {th:replace}] [100]: org.thymeleaf.standard.processor.StandardReplaceTagProcessor
[THYMELEAF]             * [* {th:each}] [200]: com.intuit.karate.template.KarateEachTagProcessor
[THYMELEAF]             * [* {th:switch}] [250]: org.thymeleaf.standard.processor.StandardSwitchTagProcessor
[THYMELEAF]             * [* {th:case}] [275]: org.thymeleaf.standard.processor.StandardCaseTagProcessor
[THYMELEAF]             * [* {th:if}] [300]: org.thymeleaf.standard.processor.StandardIfTagProcessor
[THYMELEAF]             * [* {th:unless}] [400]: org.thymeleaf.standard.processor.StandardUnlessTagProcessor
[THYMELEAF]             * [* {th:object}] [500]: org.thymeleaf.standard.processor.StandardObjectTagProcessor
[THYMELEAF]             * [* {th:with}] [600]: com.intuit.karate.template.KarateWithTagProcessor
[THYMELEAF]             * [* {th:inline}] [1000]: org.thymeleaf.standard.processor.StandardInlineTextualTagProcessor
[THYMELEAF]             * [* {th:text}] [1300]: org.thymeleaf.standard.processor.StandardTextTagProcessor
[THYMELEAF]             * [* {th:utext}] [1400]: org.thymeleaf.standard.processor.StandardUtextTagProcessor
[THYMELEAF]             * [* {th:assert}] [1550]: org.thymeleaf.standard.processor.StandardAssertTagProcessor
[THYMELEAF]             * [* {th:remove}] [1600]: org.thymeleaf.standard.processor.StandardRemoveTagProcessor
[THYMELEAF]             * [{th:block} *] [100000]: org.thymeleaf.standard.processor.StandardBlockTagProcessor
[THYMELEAF]             * [* 100000] [org.thymeleaf.standard.processor.StandardBlockTagProcessor]: {}
[THYMELEAF]         * Text Processors by [precedence]:
[THYMELEAF]             * [1000]: org.thymeleaf.standard.processor.StandardInliningTextProcessor
[THYMELEAF]     * Processors for Template Mode: CSS
[THYMELEAF]         * Element Tag Processors by [matching element and attribute name] [precedence]:
[THYMELEAF]             * [* {th:insert}] [100]: org.thymeleaf.standard.processor.StandardInsertTagProcessor
[THYMELEAF]             * [* {th:replace}] [100]: org.thymeleaf.standard.processor.StandardReplaceTagProcessor
[THYMELEAF]             * [* {th:each}] [200]: com.intuit.karate.template.KarateEachTagProcessor
[THYMELEAF]             * [* {th:switch}] [250]: org.thymeleaf.standard.processor.StandardSwitchTagProcessor
[THYMELEAF]             * [* {th:case}] [275]: org.thymeleaf.standard.processor.StandardCaseTagProcessor
[THYMELEAF]             * [* {th:if}] [300]: org.thymeleaf.standard.processor.StandardIfTagProcessor
[THYMELEAF]             * [* {th:unless}] [400]: org.thymeleaf.standard.processor.StandardUnlessTagProcessor
[THYMELEAF]             * [* {th:object}] [500]: org.thymeleaf.standard.processor.StandardObjectTagProcessor
[THYMELEAF]             * [* {th:with}] [600]: com.intuit.karate.template.KarateWithTagProcessor
[THYMELEAF]             * [* {th:inline}] [1000]: org.thymeleaf.standard.processor.StandardInlineTextualTagProcessor
[THYMELEAF]             * [* {th:text}] [1300]: org.thymeleaf.standard.processor.StandardTextTagProcessor
[THYMELEAF]             * [* {th:utext}] [1400]: org.thymeleaf.standard.processor.StandardUtextTagProcessor
[THYMELEAF]             * [* {th:assert}] [1550]: org.thymeleaf.standard.processor.StandardAssertTagProcessor
[THYMELEAF]             * [* {th:remove}] [1600]: org.thymeleaf.standard.processor.StandardRemoveTagProcessor
[THYMELEAF]             * [* 100000] [org.thymeleaf.standard.processor.StandardBlockTagProcessor]: {}
[THYMELEAF]             * [{th:block} *] [100000]: org.thymeleaf.standard.processor.StandardBlockTagProcessor
[THYMELEAF]         * Text Processors by [precedence]:
[THYMELEAF]             * [1000]: org.thymeleaf.standard.processor.StandardInliningTextProcessor
[THYMELEAF]     * Expression Objects:
[THYMELEAF]         * #ctx
[THYMELEAF]         * #root
[THYMELEAF]         * #vars
[THYMELEAF]         * #object
[THYMELEAF]         * #locale
[THYMELEAF]         * #request
[THYMELEAF]         * #response
[THYMELEAF]         * #session
[THYMELEAF]         * #servletContext
[THYMELEAF]         * #conversions
[THYMELEAF]         * #uris
[THYMELEAF]         * #calendars
[THYMELEAF]         * #dates
[THYMELEAF]         * #bools
[THYMELEAF]         * #numbers
[THYMELEAF]         * #objects
[THYMELEAF]         * #strings
[THYMELEAF]         * #arrays
[THYMELEAF]         * #lists
[THYMELEAF]         * #sets
[THYMELEAF]         * #maps
[THYMELEAF]         * #aggregates
[THYMELEAF]         * #messages
[THYMELEAF]         * #ids
[THYMELEAF]         * #execInfo
[THYMELEAF]         * #httpServletRequest
[THYMELEAF]         * #httpSession
[THYMELEAF]     * Execution Attributes:
[THYMELEAF]         * "StandardExpressionParser": com.intuit.karate.template.KarateStandardDialect@2fb48970
[THYMELEAF]         * "StandardJavaScriptSerializer": org.thymeleaf.standard.serializer.StandardJavaScriptSerializer@1aaf46e6
[THYMELEAF]         * "StandardCSSSerializer": org.thymeleaf.standard.serializer.StandardCSSSerializer@391d28ea
[THYMELEAF]         * "StandardVariableExpressionEvaluator": com.intuit.karate.template.KarateStandardDialect@2fb48970
[THYMELEAF]         * "StandardConversionService": org.thymeleaf.standard.expression.StandardConversionService@23df7fad
[THYMELEAF] * Dialect [2 of 2]: karate (com.intuit.karate.template.KarateScriptDialect)
[THYMELEAF]     * Prefix: "ka"
[THYMELEAF]     * Processors for Template Mode: HTML
[THYMELEAF]         * Element Tag Processors by [matching element and attribute name] [precedence]:
[THYMELEAF]             * [* {src}] [1000]: com.intuit.karate.template.KaScriptAttrProcessor
[THYMELEAF]         * Element Model Processors by [matching element and attribute name] [precedence]:
[THYMELEAF]             * [{script} {ka:scope,data-ka-scope}] [1000]: com.intuit.karate.template.KaScriptElemProcessor
[THYMELEAF]             * [* {ka:set,data-ka-set}] [1000]: com.intuit.karate.template.KaSetElemProcessor
[THYMELEAF] TEMPLATE ENGINE CONFIGURED OK
16:51:36.628 [main] DEBUG org.thymeleaf.TemplateEngine - [THYMELEAF] TEMPLATE ENGINE INITIALIZED

HTML report: (paste into browser to view) | Karate version: 1.4.0
file:///C:/Banco/2/Herramientas/Example/karate-project/target/karate-reports/karate-summary.html
===================================================================

]]></system-out>
  </testcase>
</testsuite>